INFO _internal.py:113  * Restarting with stat
WARNING _internal.py:113  * Debugger is active!
INFO _internal.py:113  * Debugger PIN: 250-370-639
INFO _internal.py:113  * Running on http://127.0.0.1:5000/ (Press CTRL+C to quit)
INFO _internal.py:113 127.0.0.1 - - [13/Sep/2021 19:45:19] "[33mGET / HTTP/1.1[0m" 404 -
INFO _internal.py:113 127.0.0.1 - - [13/Sep/2021 19:45:29] "[35m[1mGET /api/v1.0/index HTTP/1.1[0m" 500 -
INFO _internal.py:113 127.0.0.1 - - [13/Sep/2021 19:45:30] "[37mGET /api/v1.0/index?__debugger__=yes&cmd=resource&f=style.css HTTP/1.1[0m" 200 -
INFO _internal.py:113 127.0.0.1 - - [13/Sep/2021 19:45:30] "[37mGET /api/v1.0/index?__debugger__=yes&cmd=resource&f=jquery.js HTTP/1.1[0m" 200 -
INFO _internal.py:113 127.0.0.1 - - [13/Sep/2021 19:45:30] "[37mGET /api/v1.0/index?__debugger__=yes&cmd=resource&f=debugger.js HTTP/1.1[0m" 200 -
INFO _internal.py:113 127.0.0.1 - - [13/Sep/2021 19:45:30] "[37mGET /api/v1.0/index?__debugger__=yes&cmd=resource&f=console.png HTTP/1.1[0m" 200 -
INFO _internal.py:113 127.0.0.1 - - [13/Sep/2021 19:45:31] "[37mGET /api/v1.0/index?__debugger__=yes&cmd=resource&f=ubuntu.ttf HTTP/1.1[0m" 200 -
INFO _internal.py:113 127.0.0.1 - - [13/Sep/2021 19:45:31] "[37mGET /api/v1.0/index?__debugger__=yes&cmd=resource&f=console.png HTTP/1.1[0m" 200 -
INFO _internal.py:113  * Detected change in 'C:\\Users\\91528\\PycharmProjects\\flaskProject\\api_1_0\\users.py', reloading
INFO _internal.py:113  * Restarting with stat
WARNING _internal.py:113  * Debugger is active!
INFO _internal.py:113  * Debugger PIN: 250-370-639
INFO _internal.py:113  * Running on http://127.0.0.1:5000/ (Press CTRL+C to quit)
ERROR users.py:12 fkkbl
WARNING users.py:13 fbbb
INFO users.py:14 vvv
DEBUG users.py:15 vvzz
INFO _internal.py:113 127.0.0.1 - - [13/Sep/2021 19:47:35] "[37mGET /api/v1.0/index HTTP/1.1[0m" 200 -
INFO _internal.py:113  * Detected change in 'C:\\Users\\91528\\PycharmProjects\\flaskProject\\api_1_0\\users.py', reloading
INFO _internal.py:113  * Restarting with stat
WARNING _internal.py:113  * Debugger is active!
INFO _internal.py:113  * Debugger PIN: 250-370-639
INFO _internal.py:113  * Running on http://127.0.0.1:5000/ (Press CTRL+C to quit)
INFO _internal.py:113  * Restarting with stat
WARNING _internal.py:113  * Debugger is active!
INFO _internal.py:113  * Debugger PIN: 250-370-639
INFO _internal.py:113  * Running on http://127.0.0.1:5000/ (Press CTRL+C to quit)
INFO _internal.py:113 127.0.0.1 - - [16/Sep/2021 21:28:50] "[33mGET /static/images/DSC09589.JPG HTTP/1.1[0m" 404 -
INFO _internal.py:113 127.0.0.1 - - [16/Sep/2021 21:28:56] "[33mGET /favicon.ico HTTP/1.1[0m" 404 -
INFO _internal.py:113 127.0.0.1 - - [16/Sep/2021 21:29:38] "[33mGET /static HTTP/1.1[0m" 404 -
INFO _internal.py:113 127.0.0.1 - - [16/Sep/2021 21:29:42] "[33mGET /static HTTP/1.1[0m" 404 -
INFO _internal.py:113  * Running on http://127.0.0.1:5000/ (Press CTRL+C to quit)
INFO _internal.py:113 127.0.0.1 - - [30/Jan/2022 18:36:55] "[33mGET / HTTP/1.1[0m" 404 -
INFO _internal.py:113 127.0.0.1 - - [30/Jan/2022 18:38:14] "[33mGET / HTTP/1.1[0m" 404 -
INFO _internal.py:113 127.0.0.1 - - [30/Jan/2022 18:38:15] "[33mGET / HTTP/1.1[0m" 404 -
INFO _internal.py:113 127.0.0.1 - - [30/Jan/2022 18:38:15] "[33mGET /favicon.ico HTTP/1.1[0m" 404 -
INFO _internal.py:113 127.0.0.1 - - [30/Jan/2022 18:39:49] "[33mGET / HTTP/1.1[0m" 404 -
INFO _internal.py:113  * Running on http://127.0.0.1:5000/ (Press CTRL+C to quit)
INFO _internal.py:113 127.0.0.1 - - [30/Jan/2022 21:33:46] "[33mGET / HTTP/1.1[0m" 404 -
INFO _internal.py:113 127.0.0.1 - - [30/Jan/2022 21:33:46] "[33mGET / HTTP/1.1[0m" 404 -
INFO _internal.py:113 127.0.0.1 - - [30/Jan/2022 21:33:48] "[33mGET /favicon.ico HTTP/1.1[0m" 404 -
INFO _internal.py:113 127.0.0.1 - - [30/Jan/2022 21:33:48] "[33mGET /favicon.ico HTTP/1.1[0m" 404 -
INFO _internal.py:113 127.0.0.1 - - [30/Jan/2022 21:34:14] "[37mGET /index HTTP/1.1[0m" 200 -
INFO _internal.py:113  * Running on http://127.0.0.1:5000/ (Press CTRL+C to quit)
INFO _internal.py:113 127.0.0.1 - - [31/Jan/2022 09:09:25] "[33mGET / HTTP/1.1[0m" 404 -
INFO _internal.py:113 127.0.0.1 - - [31/Jan/2022 09:09:25] "[33mGET / HTTP/1.1[0m" 404 -
INFO _internal.py:113 127.0.0.1 - - [31/Jan/2022 09:09:27] "[33mGET /favicon.ico HTTP/1.1[0m" 404 -
INFO _internal.py:113 127.0.0.1 - - [31/Jan/2022 09:09:27] "[33mGET /favicon.ico HTTP/1.1[0m" 404 -
INFO _internal.py:113  * Running on http://127.0.0.1:5000/ (Press CTRL+C to quit)
INFO _internal.py:113 127.0.0.1 - - [13/Feb/2022 10:31:07] "[33mGET / HTTP/1.1[0m" 404 -
INFO _internal.py:113 127.0.0.1 - - [13/Feb/2022 10:31:07] "[33mGET / HTTP/1.1[0m" 404 -
INFO _internal.py:113 127.0.0.1 - - [13/Feb/2022 10:31:08] "[33mGET /favicon.ico HTTP/1.1[0m" 404 -
INFO _internal.py:113 127.0.0.1 - - [13/Feb/2022 10:31:08] "[33mGET /favicon.ico HTTP/1.1[0m" 404 -
INFO _internal.py:113 127.0.0.1 - - [13/Feb/2022 10:31:40] "[37mGET /index HTTP/1.1[0m" 200 -
INFO _internal.py:113 127.0.0.1 - - [13/Feb/2022 10:32:37] "[33mGET /api_1_0/index HTTP/1.1[0m" 404 -
INFO _internal.py:113 127.0.0.1 - - [13/Feb/2022 10:34:26] "[33mGET /api_1_0/api/v1.0/index HTTP/1.1[0m" 404 -
ERROR app.py:1891 Exception on /api/v1.0/index [GET]
Traceback (most recent call last):
  File "C:\Users\91528\PycharmProjects\flaskProject\venv\lib\site-packages\sqlalchemy\util\_collections.py", line 1008, in __call__
    return self.registry[key]
KeyError: <greenlet.greenlet object at 0x000001535E5C47D0 (otid=0x000001535E696880) current active started main>

During handling of the above exception, another exception occurred:

Traceback (most recent call last):
  File "C:\Users\91528\PycharmProjects\flaskProject\venv\lib\site-packages\flask\app.py", line 2447, in wsgi_app
    response = self.full_dispatch_request()
  File "C:\Users\91528\PycharmProjects\flaskProject\venv\lib\site-packages\flask\app.py", line 1952, in full_dispatch_request
    rv = self.handle_user_exception(e)
  File "C:\Users\91528\PycharmProjects\flaskProject\venv\lib\site-packages\flask\app.py", line 1821, in handle_user_exception
    reraise(exc_type, exc_value, tb)
  File "C:\Users\91528\PycharmProjects\flaskProject\venv\lib\site-packages\flask\_compat.py", line 39, in reraise
    raise value
  File "C:\Users\91528\PycharmProjects\flaskProject\venv\lib\site-packages\flask\app.py", line 1950, in full_dispatch_request
    rv = self.dispatch_request()
  File "C:\Users\91528\PycharmProjects\flaskProject\venv\lib\site-packages\flask\app.py", line 1936, in dispatch_request
    return self.view_functions[rule.endpoint](**req.view_args)
  File "C:\Users\91528\PycharmProjects\flaskProject\api_1_0\users.py", line 24, in index
    db.session.add(user)
  File "<string>", line 2, in add
  File "C:\Users\91528\PycharmProjects\flaskProject\venv\lib\site-packages\sqlalchemy\orm\scoping.py", line 23, in _proxied
    return self.registry()
  File "C:\Users\91528\PycharmProjects\flaskProject\venv\lib\site-packages\sqlalchemy\util\_collections.py", line 1010, in __call__
    return self.registry.setdefault(key, self.createfunc())
  File "C:\Users\91528\PycharmProjects\flaskProject\venv\lib\site-packages\sqlalchemy\orm\session.py", line 4101, in __call__
    return self.class_(**local_kw)
  File "C:\Users\91528\PycharmProjects\flaskProject\venv\lib\site-packages\flask_sqlalchemy\__init__.py", line 176, in __init__
    bind = options.pop('bind', None) or db.engine
  File "C:\Users\91528\PycharmProjects\flaskProject\venv\lib\site-packages\flask_sqlalchemy\__init__.py", line 998, in engine
    return self.get_engine()
  File "C:\Users\91528\PycharmProjects\flaskProject\venv\lib\site-packages\flask_sqlalchemy\__init__.py", line 1017, in get_engine
    return connector.get_engine()
  File "C:\Users\91528\PycharmProjects\flaskProject\venv\lib\site-packages\flask_sqlalchemy\__init__.py", line 594, in get_engine
    self._engine = rv = self._sa.create_engine(sa_url, options)
  File "C:\Users\91528\PycharmProjects\flaskProject\venv\lib\site-packages\flask_sqlalchemy\__init__.py", line 1027, in create_engine
    return sqlalchemy.create_engine(sa_url, **engine_opts)
  File "<string>", line 2, in create_engine
  File "C:\Users\91528\PycharmProjects\flaskProject\venv\lib\site-packages\sqlalchemy\util\deprecations.py", line 298, in warned
    return fn(*args, **kwargs)
  File "C:\Users\91528\PycharmProjects\flaskProject\venv\lib\site-packages\sqlalchemy\engine\create.py", line 548, in create_engine
    dbapi = dialect_cls.dbapi(**dbapi_args)
  File "C:\Users\91528\PycharmProjects\flaskProject\venv\lib\site-packages\sqlalchemy\dialects\mysql\mysqlconnector.py", line 129, in dbapi
    from mysql import connector
ModuleNotFoundError: No module named 'mysql'
INFO _internal.py:113 127.0.0.1 - - [13/Feb/2022 10:34:43] "[35m[1mGET /api/v1.0/index HTTP/1.1[0m" 500 -
INFO _internal.py:113  * Running on http://127.0.0.1:5000/ (Press CTRL+C to quit)
ERROR app.py:1891 Exception on /api/v1.0/index [GET]
Traceback (most recent call last):
  File "C:\Users\91528\PycharmProjects\flaskProject\venv\lib\site-packages\sqlalchemy\util\_collections.py", line 1008, in __call__
    return self.registry[key]
KeyError: <greenlet.greenlet object at 0x000001E3219A5880 (otid=0x000001E3219BF7C0) current active started main>

During handling of the above exception, another exception occurred:

Traceback (most recent call last):
  File "C:\Users\91528\PycharmProjects\flaskProject\venv\lib\site-packages\flask\app.py", line 2447, in wsgi_app
    response = self.full_dispatch_request()
  File "C:\Users\91528\PycharmProjects\flaskProject\venv\lib\site-packages\flask\app.py", line 1952, in full_dispatch_request
    rv = self.handle_user_exception(e)
  File "C:\Users\91528\PycharmProjects\flaskProject\venv\lib\site-packages\flask\app.py", line 1821, in handle_user_exception
    reraise(exc_type, exc_value, tb)
  File "C:\Users\91528\PycharmProjects\flaskProject\venv\lib\site-packages\flask\_compat.py", line 39, in reraise
    raise value
  File "C:\Users\91528\PycharmProjects\flaskProject\venv\lib\site-packages\flask\app.py", line 1950, in full_dispatch_request
    rv = self.dispatch_request()
  File "C:\Users\91528\PycharmProjects\flaskProject\venv\lib\site-packages\flask\app.py", line 1936, in dispatch_request
    return self.view_functions[rule.endpoint](**req.view_args)
  File "C:\Users\91528\PycharmProjects\flaskProject\api_1_0\users.py", line 24, in index
    db.session.add(user)
  File "<string>", line 2, in add
  File "C:\Users\91528\PycharmProjects\flaskProject\venv\lib\site-packages\sqlalchemy\orm\scoping.py", line 23, in _proxied
    return self.registry()
  File "C:\Users\91528\PycharmProjects\flaskProject\venv\lib\site-packages\sqlalchemy\util\_collections.py", line 1010, in __call__
    return self.registry.setdefault(key, self.createfunc())
  File "C:\Users\91528\PycharmProjects\flaskProject\venv\lib\site-packages\sqlalchemy\orm\session.py", line 4101, in __call__
    return self.class_(**local_kw)
  File "C:\Users\91528\PycharmProjects\flaskProject\venv\lib\site-packages\flask_sqlalchemy\__init__.py", line 176, in __init__
    bind = options.pop('bind', None) or db.engine
  File "C:\Users\91528\PycharmProjects\flaskProject\venv\lib\site-packages\flask_sqlalchemy\__init__.py", line 998, in engine
    return self.get_engine()
  File "C:\Users\91528\PycharmProjects\flaskProject\venv\lib\site-packages\flask_sqlalchemy\__init__.py", line 1017, in get_engine
    return connector.get_engine()
  File "C:\Users\91528\PycharmProjects\flaskProject\venv\lib\site-packages\flask_sqlalchemy\__init__.py", line 594, in get_engine
    self._engine = rv = self._sa.create_engine(sa_url, options)
  File "C:\Users\91528\PycharmProjects\flaskProject\venv\lib\site-packages\flask_sqlalchemy\__init__.py", line 1027, in create_engine
    return sqlalchemy.create_engine(sa_url, **engine_opts)
  File "<string>", line 2, in create_engine
  File "C:\Users\91528\PycharmProjects\flaskProject\venv\lib\site-packages\sqlalchemy\util\deprecations.py", line 298, in warned
    return fn(*args, **kwargs)
  File "C:\Users\91528\PycharmProjects\flaskProject\venv\lib\site-packages\sqlalchemy\engine\create.py", line 548, in create_engine
    dbapi = dialect_cls.dbapi(**dbapi_args)
  File "C:\Users\91528\PycharmProjects\flaskProject\venv\lib\site-packages\sqlalchemy\dialects\mysql\mysqlconnector.py", line 129, in dbapi
    from mysql import connector
ModuleNotFoundError: No module named 'mysql'
INFO _internal.py:113 127.0.0.1 - - [13/Feb/2022 10:36:49] "[35m[1mGET /api/v1.0/index HTTP/1.1[0m" 500 -
INFO _internal.py:113  * Running on http://127.0.0.1:5000/ (Press CTRL+C to quit)
INFO _internal.py:113 127.0.0.1 - - [13/Feb/2022 10:44:09] "[37mGET /api/v1.0/index HTTP/1.1[0m" 200 -
INFO _internal.py:113 127.0.0.1 - - [13/Feb/2022 10:47:49] "[37mGET /api/v1.0/index HTTP/1.1[0m" 200 -
INFO _internal.py:113  * Running on http://127.0.0.1:5000/ (Press CTRL+C to quit)
INFO _internal.py:113 127.0.0.1 - - [13/Feb/2022 10:50:37] "[37mGET /api/v1.0/index HTTP/1.1[0m" 200 -
INFO _internal.py:113  * Running on http://127.0.0.1:5000/ (Press CTRL+C to quit)
ERROR app.py:1891 Exception on /api/v1.0/index [GET]
Traceback (most recent call last):
  File "C:\Users\91528\PycharmProjects\flaskProject\venv\lib\site-packages\sqlalchemy\engine\base.py", line 3212, in _wrap_pool_connect
    return fn()
  File "C:\Users\91528\PycharmProjects\flaskProject\venv\lib\site-packages\sqlalchemy\pool\base.py", line 307, in connect
    return _ConnectionFairy._checkout(self)
  File "C:\Users\91528\PycharmProjects\flaskProject\venv\lib\site-packages\sqlalchemy\pool\base.py", line 767, in _checkout
    fairy = _ConnectionRecord.checkout(pool)
  File "C:\Users\91528\PycharmProjects\flaskProject\venv\lib\site-packages\sqlalchemy\pool\base.py", line 425, in checkout
    rec = pool._do_get()
  File "C:\Users\91528\PycharmProjects\flaskProject\venv\lib\site-packages\sqlalchemy\pool\impl.py", line 146, in _do_get
    self._dec_overflow()
  File "C:\Users\91528\PycharmProjects\flaskProject\venv\lib\site-packages\sqlalchemy\util\langhelpers.py", line 70, in __exit__
    compat.raise_(
  File "C:\Users\91528\PycharmProjects\flaskProject\venv\lib\site-packages\sqlalchemy\util\compat.py", line 207, in raise_
    raise exception
  File "C:\Users\91528\PycharmProjects\flaskProject\venv\lib\site-packages\sqlalchemy\pool\impl.py", line 143, in _do_get
    return self._create_connection()
  File "C:\Users\91528\PycharmProjects\flaskProject\venv\lib\site-packages\sqlalchemy\pool\base.py", line 253, in _create_connection
    return _ConnectionRecord(self)
  File "C:\Users\91528\PycharmProjects\flaskProject\venv\lib\site-packages\sqlalchemy\pool\base.py", line 368, in __init__
    self.__connect()
  File "C:\Users\91528\PycharmProjects\flaskProject\venv\lib\site-packages\sqlalchemy\pool\base.py", line 611, in __connect
    pool.logger.debug("Error on connect(): %s", e)
  File "C:\Users\91528\PycharmProjects\flaskProject\venv\lib\site-packages\sqlalchemy\util\langhelpers.py", line 70, in __exit__
    compat.raise_(
  File "C:\Users\91528\PycharmProjects\flaskProject\venv\lib\site-packages\sqlalchemy\util\compat.py", line 207, in raise_
    raise exception
  File "C:\Users\91528\PycharmProjects\flaskProject\venv\lib\site-packages\sqlalchemy\pool\base.py", line 605, in __connect
    connection = pool._invoke_creator(self)
  File "C:\Users\91528\PycharmProjects\flaskProject\venv\lib\site-packages\sqlalchemy\engine\create.py", line 578, in connect
    return dialect.connect(*cargs, **cparams)
  File "C:\Users\91528\PycharmProjects\flaskProject\venv\lib\site-packages\sqlalchemy\engine\default.py", line 584, in connect
    return self.dbapi.connect(*cargs, **cparams)
  File "C:\Users\91528\PycharmProjects\flaskProject\venv\lib\site-packages\pymysql\connections.py", line 353, in __init__
    self.connect()
  File "C:\Users\91528\PycharmProjects\flaskProject\venv\lib\site-packages\pymysql\connections.py", line 633, in connect
    self._request_authentication()
  File "C:\Users\91528\PycharmProjects\flaskProject\venv\lib\site-packages\pymysql\connections.py", line 907, in _request_authentication
    auth_packet = self._read_packet()
  File "C:\Users\91528\PycharmProjects\flaskProject\venv\lib\site-packages\pymysql\connections.py", line 725, in _read_packet
    packet.raise_for_error()
  File "C:\Users\91528\PycharmProjects\flaskProject\venv\lib\site-packages\pymysql\protocol.py", line 221, in raise_for_error
    err.raise_mysql_exception(self._data)
  File "C:\Users\91528\PycharmProjects\flaskProject\venv\lib\site-packages\pymysql\err.py", line 143, in raise_mysql_exception
    raise errorclass(errno, errval)
pymysql.err.OperationalError: (1045, "Access denied for user 'root'@'localhost' (using password: NO)")

The above exception was the direct cause of the following exception:

Traceback (most recent call last):
  File "C:\Users\91528\PycharmProjects\flaskProject\venv\lib\site-packages\flask\app.py", line 2447, in wsgi_app
    response = self.full_dispatch_request()
  File "C:\Users\91528\PycharmProjects\flaskProject\venv\lib\site-packages\flask\app.py", line 1952, in full_dispatch_request
    rv = self.handle_user_exception(e)
  File "C:\Users\91528\PycharmProjects\flaskProject\venv\lib\site-packages\flask\app.py", line 1821, in handle_user_exception
    reraise(exc_type, exc_value, tb)
  File "C:\Users\91528\PycharmProjects\flaskProject\venv\lib\site-packages\flask\_compat.py", line 39, in reraise
    raise value
  File "C:\Users\91528\PycharmProjects\flaskProject\venv\lib\site-packages\flask\app.py", line 1950, in full_dispatch_request
    rv = self.dispatch_request()
  File "C:\Users\91528\PycharmProjects\flaskProject\venv\lib\site-packages\flask\app.py", line 1936, in dispatch_request
    return self.view_functions[rule.endpoint](**req.view_args)
  File "C:\Users\91528\PycharmProjects\flaskProject\api_1_0\users.py", line 25, in index
    db.session.commit()
  File "<string>", line 2, in commit
  File "C:\Users\91528\PycharmProjects\flaskProject\venv\lib\site-packages\sqlalchemy\orm\session.py", line 1428, in commit
    self._transaction.commit(_to_root=self.future)
  File "C:\Users\91528\PycharmProjects\flaskProject\venv\lib\site-packages\sqlalchemy\orm\session.py", line 829, in commit
    self._prepare_impl()
  File "C:\Users\91528\PycharmProjects\flaskProject\venv\lib\site-packages\sqlalchemy\orm\session.py", line 808, in _prepare_impl
    self.session.flush()
  File "C:\Users\91528\PycharmProjects\flaskProject\venv\lib\site-packages\sqlalchemy\orm\session.py", line 3298, in flush
    self._flush(objects)
  File "C:\Users\91528\PycharmProjects\flaskProject\venv\lib\site-packages\sqlalchemy\orm\session.py", line 3438, in _flush
    transaction.rollback(_capture_exception=True)
  File "C:\Users\91528\PycharmProjects\flaskProject\venv\lib\site-packages\sqlalchemy\util\langhelpers.py", line 70, in __exit__
    compat.raise_(
  File "C:\Users\91528\PycharmProjects\flaskProject\venv\lib\site-packages\sqlalchemy\util\compat.py", line 207, in raise_
    raise exception
  File "C:\Users\91528\PycharmProjects\flaskProject\venv\lib\site-packages\sqlalchemy\orm\session.py", line 3398, in _flush
    flush_context.execute()
  File "C:\Users\91528\PycharmProjects\flaskProject\venv\lib\site-packages\sqlalchemy\orm\unitofwork.py", line 456, in execute
    rec.execute(self)
  File "C:\Users\91528\PycharmProjects\flaskProject\venv\lib\site-packages\sqlalchemy\orm\unitofwork.py", line 630, in execute
    util.preloaded.orm_persistence.save_obj(
  File "C:\Users\91528\PycharmProjects\flaskProject\venv\lib\site-packages\sqlalchemy\orm\persistence.py", line 209, in save_obj
    for (
  File "C:\Users\91528\PycharmProjects\flaskProject\venv\lib\site-packages\sqlalchemy\orm\persistence.py", line 370, in _organize_states_for_save
    for state, dict_, mapper, connection in _connections_for_states(
  File "C:\Users\91528\PycharmProjects\flaskProject\venv\lib\site-packages\sqlalchemy\orm\persistence.py", line 1709, in _connections_for_states
    connection = uowtransaction.transaction.connection(base_mapper)
  File "C:\Users\91528\PycharmProjects\flaskProject\venv\lib\site-packages\sqlalchemy\orm\session.py", line 626, in connection
    return self._connection_for_bind(bind, execution_options)
  File "C:\Users\91528\PycharmProjects\flaskProject\venv\lib\site-packages\sqlalchemy\orm\session.py", line 735, in _connection_for_bind
    conn = self._parent._connection_for_bind(bind, execution_options)
  File "C:\Users\91528\PycharmProjects\flaskProject\venv\lib\site-packages\sqlalchemy\orm\session.py", line 747, in _connection_for_bind
    conn = bind.connect()
  File "C:\Users\91528\PycharmProjects\flaskProject\venv\lib\site-packages\sqlalchemy\engine\base.py", line 3166, in connect
    return self._connection_cls(self, close_with_result=close_with_result)
  File "C:\Users\91528\PycharmProjects\flaskProject\venv\lib\site-packages\sqlalchemy\engine\base.py", line 96, in __init__
    else engine.raw_connection()
  File "C:\Users\91528\PycharmProjects\flaskProject\venv\lib\site-packages\sqlalchemy\engine\base.py", line 3245, in raw_connection
    return self._wrap_pool_connect(self.pool.connect, _connection)
  File "C:\Users\91528\PycharmProjects\flaskProject\venv\lib\site-packages\sqlalchemy\engine\base.py", line 3215, in _wrap_pool_connect
    Connection._handle_dbapi_exception_noconnection(
  File "C:\Users\91528\PycharmProjects\flaskProject\venv\lib\site-packages\sqlalchemy\engine\base.py", line 2069, in _handle_dbapi_exception_noconnection
    util.raise_(
  File "C:\Users\91528\PycharmProjects\flaskProject\venv\lib\site-packages\sqlalchemy\util\compat.py", line 207, in raise_
    raise exception
  File "C:\Users\91528\PycharmProjects\flaskProject\venv\lib\site-packages\sqlalchemy\engine\base.py", line 3212, in _wrap_pool_connect
    return fn()
  File "C:\Users\91528\PycharmProjects\flaskProject\venv\lib\site-packages\sqlalchemy\pool\base.py", line 307, in connect
    return _ConnectionFairy._checkout(self)
  File "C:\Users\91528\PycharmProjects\flaskProject\venv\lib\site-packages\sqlalchemy\pool\base.py", line 767, in _checkout
    fairy = _ConnectionRecord.checkout(pool)
  File "C:\Users\91528\PycharmProjects\flaskProject\venv\lib\site-packages\sqlalchemy\pool\base.py", line 425, in checkout
    rec = pool._do_get()
  File "C:\Users\91528\PycharmProjects\flaskProject\venv\lib\site-packages\sqlalchemy\pool\impl.py", line 146, in _do_get
    self._dec_overflow()
  File "C:\Users\91528\PycharmProjects\flaskProject\venv\lib\site-packages\sqlalchemy\util\langhelpers.py", line 70, in __exit__
    compat.raise_(
  File "C:\Users\91528\PycharmProjects\flaskProject\venv\lib\site-packages\sqlalchemy\util\compat.py", line 207, in raise_
    raise exception
  File "C:\Users\91528\PycharmProjects\flaskProject\venv\lib\site-packages\sqlalchemy\pool\impl.py", line 143, in _do_get
    return self._create_connection()
  File "C:\Users\91528\PycharmProjects\flaskProject\venv\lib\site-packages\sqlalchemy\pool\base.py", line 253, in _create_connection
    return _ConnectionRecord(self)
  File "C:\Users\91528\PycharmProjects\flaskProject\venv\lib\site-packages\sqlalchemy\pool\base.py", line 368, in __init__
    self.__connect()
  File "C:\Users\91528\PycharmProjects\flaskProject\venv\lib\site-packages\sqlalchemy\pool\base.py", line 611, in __connect
    pool.logger.debug("Error on connect(): %s", e)
  File "C:\Users\91528\PycharmProjects\flaskProject\venv\lib\site-packages\sqlalchemy\util\langhelpers.py", line 70, in __exit__
    compat.raise_(
  File "C:\Users\91528\PycharmProjects\flaskProject\venv\lib\site-packages\sqlalchemy\util\compat.py", line 207, in raise_
    raise exception
  File "C:\Users\91528\PycharmProjects\flaskProject\venv\lib\site-packages\sqlalchemy\pool\base.py", line 605, in __connect
    connection = pool._invoke_creator(self)
  File "C:\Users\91528\PycharmProjects\flaskProject\venv\lib\site-packages\sqlalchemy\engine\create.py", line 578, in connect
    return dialect.connect(*cargs, **cparams)
  File "C:\Users\91528\PycharmProjects\flaskProject\venv\lib\site-packages\sqlalchemy\engine\default.py", line 584, in connect
    return self.dbapi.connect(*cargs, **cparams)
  File "C:\Users\91528\PycharmProjects\flaskProject\venv\lib\site-packages\pymysql\connections.py", line 353, in __init__
    self.connect()
  File "C:\Users\91528\PycharmProjects\flaskProject\venv\lib\site-packages\pymysql\connections.py", line 633, in connect
    self._request_authentication()
  File "C:\Users\91528\PycharmProjects\flaskProject\venv\lib\site-packages\pymysql\connections.py", line 907, in _request_authentication
    auth_packet = self._read_packet()
  File "C:\Users\91528\PycharmProjects\flaskProject\venv\lib\site-packages\pymysql\connections.py", line 725, in _read_packet
    packet.raise_for_error()
  File "C:\Users\91528\PycharmProjects\flaskProject\venv\lib\site-packages\pymysql\protocol.py", line 221, in raise_for_error
    err.raise_mysql_exception(self._data)
  File "C:\Users\91528\PycharmProjects\flaskProject\venv\lib\site-packages\pymysql\err.py", line 143, in raise_mysql_exception
    raise errorclass(errno, errval)
sqlalchemy.exc.OperationalError: (pymysql.err.OperationalError) (1045, "Access denied for user 'root'@'localhost' (using password: NO)")
(Background on this error at: https://sqlalche.me/e/14/e3q8)
INFO _internal.py:113 127.0.0.1 - - [13/Feb/2022 10:54:25] "[35m[1mGET /api/v1.0/index HTTP/1.1[0m" 500 -
INFO _internal.py:113  * Running on http://127.0.0.1:5000/ (Press CTRL+C to quit)
ERROR app.py:1891 Exception on /api/v1.0/index [GET]
Traceback (most recent call last):
  File "C:\Users\91528\PycharmProjects\flaskProject\venv\lib\site-packages\sqlalchemy\engine\base.py", line 1771, in _execute_context
    self.dialect.do_execute(
  File "C:\Users\91528\PycharmProjects\flaskProject\venv\lib\site-packages\sqlalchemy\engine\default.py", line 717, in do_execute
    cursor.execute(statement, parameters)
  File "C:\Users\91528\PycharmProjects\flaskProject\venv\lib\site-packages\pymysql\cursors.py", line 148, in execute
    result = self._query(query)
  File "C:\Users\91528\PycharmProjects\flaskProject\venv\lib\site-packages\pymysql\cursors.py", line 310, in _query
    conn.query(q)
  File "C:\Users\91528\PycharmProjects\flaskProject\venv\lib\site-packages\pymysql\connections.py", line 548, in query
    self._affected_rows = self._read_query_result(unbuffered=unbuffered)
  File "C:\Users\91528\PycharmProjects\flaskProject\venv\lib\site-packages\pymysql\connections.py", line 775, in _read_query_result
    result.read()
  File "C:\Users\91528\PycharmProjects\flaskProject\venv\lib\site-packages\pymysql\connections.py", line 1156, in read
    first_packet = self.connection._read_packet()
  File "C:\Users\91528\PycharmProjects\flaskProject\venv\lib\site-packages\pymysql\connections.py", line 725, in _read_packet
    packet.raise_for_error()
  File "C:\Users\91528\PycharmProjects\flaskProject\venv\lib\site-packages\pymysql\protocol.py", line 221, in raise_for_error
    err.raise_mysql_exception(self._data)
  File "C:\Users\91528\PycharmProjects\flaskProject\venv\lib\site-packages\pymysql\err.py", line 143, in raise_mysql_exception
    raise errorclass(errno, errval)
pymysql.err.IntegrityError: (1048, "Column 'LOGINNAME' cannot be null")

The above exception was the direct cause of the following exception:

Traceback (most recent call last):
  File "C:\Users\91528\PycharmProjects\flaskProject\venv\lib\site-packages\flask\app.py", line 2447, in wsgi_app
    response = self.full_dispatch_request()
  File "C:\Users\91528\PycharmProjects\flaskProject\venv\lib\site-packages\flask\app.py", line 1952, in full_dispatch_request
    rv = self.handle_user_exception(e)
  File "C:\Users\91528\PycharmProjects\flaskProject\venv\lib\site-packages\flask\app.py", line 1821, in handle_user_exception
    reraise(exc_type, exc_value, tb)
  File "C:\Users\91528\PycharmProjects\flaskProject\venv\lib\site-packages\flask\_compat.py", line 39, in reraise
    raise value
  File "C:\Users\91528\PycharmProjects\flaskProject\venv\lib\site-packages\flask\app.py", line 1950, in full_dispatch_request
    rv = self.dispatch_request()
  File "C:\Users\91528\PycharmProjects\flaskProject\venv\lib\site-packages\flask\app.py", line 1936, in dispatch_request
    return self.view_functions[rule.endpoint](**req.view_args)
  File "C:\Users\91528\PycharmProjects\flaskProject\api_1_0\users.py", line 25, in index
    db.session.commit()
  File "<string>", line 2, in commit
  File "C:\Users\91528\PycharmProjects\flaskProject\venv\lib\site-packages\sqlalchemy\orm\session.py", line 1428, in commit
    self._transaction.commit(_to_root=self.future)
  File "C:\Users\91528\PycharmProjects\flaskProject\venv\lib\site-packages\sqlalchemy\orm\session.py", line 829, in commit
    self._prepare_impl()
  File "C:\Users\91528\PycharmProjects\flaskProject\venv\lib\site-packages\sqlalchemy\orm\session.py", line 808, in _prepare_impl
    self.session.flush()
  File "C:\Users\91528\PycharmProjects\flaskProject\venv\lib\site-packages\sqlalchemy\orm\session.py", line 3298, in flush
    self._flush(objects)
  File "C:\Users\91528\PycharmProjects\flaskProject\venv\lib\site-packages\sqlalchemy\orm\session.py", line 3438, in _flush
    transaction.rollback(_capture_exception=True)
  File "C:\Users\91528\PycharmProjects\flaskProject\venv\lib\site-packages\sqlalchemy\util\langhelpers.py", line 70, in __exit__
    compat.raise_(
  File "C:\Users\91528\PycharmProjects\flaskProject\venv\lib\site-packages\sqlalchemy\util\compat.py", line 207, in raise_
    raise exception
  File "C:\Users\91528\PycharmProjects\flaskProject\venv\lib\site-packages\sqlalchemy\orm\session.py", line 3398, in _flush
    flush_context.execute()
  File "C:\Users\91528\PycharmProjects\flaskProject\venv\lib\site-packages\sqlalchemy\orm\unitofwork.py", line 456, in execute
    rec.execute(self)
  File "C:\Users\91528\PycharmProjects\flaskProject\venv\lib\site-packages\sqlalchemy\orm\unitofwork.py", line 630, in execute
    util.preloaded.orm_persistence.save_obj(
  File "C:\Users\91528\PycharmProjects\flaskProject\venv\lib\site-packages\sqlalchemy\orm\persistence.py", line 242, in save_obj
    _emit_insert_statements(
  File "C:\Users\91528\PycharmProjects\flaskProject\venv\lib\site-packages\sqlalchemy\orm\persistence.py", line 1094, in _emit_insert_statements
    c = connection._execute_20(
  File "C:\Users\91528\PycharmProjects\flaskProject\venv\lib\site-packages\sqlalchemy\engine\base.py", line 1583, in _execute_20
    return meth(self, args_10style, kwargs_10style, execution_options)
  File "C:\Users\91528\PycharmProjects\flaskProject\venv\lib\site-packages\sqlalchemy\sql\elements.py", line 323, in _execute_on_connection
    return connection._execute_clauseelement(
  File "C:\Users\91528\PycharmProjects\flaskProject\venv\lib\site-packages\sqlalchemy\engine\base.py", line 1452, in _execute_clauseelement
    ret = self._execute_context(
  File "C:\Users\91528\PycharmProjects\flaskProject\venv\lib\site-packages\sqlalchemy\engine\base.py", line 1814, in _execute_context
    self._handle_dbapi_exception(
  File "C:\Users\91528\PycharmProjects\flaskProject\venv\lib\site-packages\sqlalchemy\engine\base.py", line 1995, in _handle_dbapi_exception
    util.raise_(
  File "C:\Users\91528\PycharmProjects\flaskProject\venv\lib\site-packages\sqlalchemy\util\compat.py", line 207, in raise_
    raise exception
  File "C:\Users\91528\PycharmProjects\flaskProject\venv\lib\site-packages\sqlalchemy\engine\base.py", line 1771, in _execute_context
    self.dialect.do_execute(
  File "C:\Users\91528\PycharmProjects\flaskProject\venv\lib\site-packages\sqlalchemy\engine\default.py", line 717, in do_execute
    cursor.execute(statement, parameters)
  File "C:\Users\91528\PycharmProjects\flaskProject\venv\lib\site-packages\pymysql\cursors.py", line 148, in execute
    result = self._query(query)
  File "C:\Users\91528\PycharmProjects\flaskProject\venv\lib\site-packages\pymysql\cursors.py", line 310, in _query
    conn.query(q)
  File "C:\Users\91528\PycharmProjects\flaskProject\venv\lib\site-packages\pymysql\connections.py", line 548, in query
    self._affected_rows = self._read_query_result(unbuffered=unbuffered)
  File "C:\Users\91528\PycharmProjects\flaskProject\venv\lib\site-packages\pymysql\connections.py", line 775, in _read_query_result
    result.read()
  File "C:\Users\91528\PycharmProjects\flaskProject\venv\lib\site-packages\pymysql\connections.py", line 1156, in read
    first_packet = self.connection._read_packet()
  File "C:\Users\91528\PycharmProjects\flaskProject\venv\lib\site-packages\pymysql\connections.py", line 725, in _read_packet
    packet.raise_for_error()
  File "C:\Users\91528\PycharmProjects\flaskProject\venv\lib\site-packages\pymysql\protocol.py", line 221, in raise_for_error
    err.raise_mysql_exception(self._data)
  File "C:\Users\91528\PycharmProjects\flaskProject\venv\lib\site-packages\pymysql\err.py", line 143, in raise_mysql_exception
    raise errorclass(errno, errval)
sqlalchemy.exc.IntegrityError: (pymysql.err.IntegrityError) (1048, "Column 'LOGINNAME' cannot be null")
[SQL: INSERT INTO `SYUSER` (`ID`, `CREATEDATETIME`, `UPDATEDATETIME`, `LOGINNAME`, `PWD`, `NAME`, `SEX`, `AGE`, `PHOTO`, `EMPLOYDATE`) VALUES (%(ID)s, %(CREATEDATETIME)s, %(UPDATEDATETIME)s, %(LOGINNAME)s, %(PWD)s, %(NAME)s, %(SEX)s, %(AGE)s, %(PHOTO)s, %(EMPLOYDATE)s)]
[parameters: {'ID': '1', 'CREATEDATETIME': datetime.datetime(2022, 2, 13, 11, 2, 46, 313523), 'UPDATEDATETIME': datetime.datetime(2022, 2, 13, 11, 2, 46, 313523), 'LOGINNAME': None, 'PWD': '123456', 'NAME': '≥¨º∂π‹¿Ì‘±', 'SEX': '≈Æ', 'AGE': None, 'PHOTO': None, 'EMPLOYDATE': datetime.datetime(2022, 2, 13, 11, 2, 46, 313523)}]
(Background on this error at: https://sqlalche.me/e/14/gkpj)
INFO _internal.py:113 127.0.0.1 - - [13/Feb/2022 11:02:46] "[35m[1mGET /api/v1.0/index HTTP/1.1[0m" 500 -
INFO _internal.py:113  * Running on http://127.0.0.1:5000/ (Press CTRL+C to quit)
ERROR app.py:1891 Exception on /api/v1.0/index [GET]
Traceback (most recent call last):
  File "C:\Users\91528\PycharmProjects\flaskProject\venv\lib\site-packages\sqlalchemy\engine\base.py", line 1771, in _execute_context
    self.dialect.do_execute(
  File "C:\Users\91528\PycharmProjects\flaskProject\venv\lib\site-packages\sqlalchemy\engine\default.py", line 717, in do_execute
    cursor.execute(statement, parameters)
  File "C:\Users\91528\PycharmProjects\flaskProject\venv\lib\site-packages\pymysql\cursors.py", line 148, in execute
    result = self._query(query)
  File "C:\Users\91528\PycharmProjects\flaskProject\venv\lib\site-packages\pymysql\cursors.py", line 310, in _query
    conn.query(q)
  File "C:\Users\91528\PycharmProjects\flaskProject\venv\lib\site-packages\pymysql\connections.py", line 548, in query
    self._affected_rows = self._read_query_result(unbuffered=unbuffered)
  File "C:\Users\91528\PycharmProjects\flaskProject\venv\lib\site-packages\pymysql\connections.py", line 775, in _read_query_result
    result.read()
  File "C:\Users\91528\PycharmProjects\flaskProject\venv\lib\site-packages\pymysql\connections.py", line 1156, in read
    first_packet = self.connection._read_packet()
  File "C:\Users\91528\PycharmProjects\flaskProject\venv\lib\site-packages\pymysql\connections.py", line 725, in _read_packet
    packet.raise_for_error()
  File "C:\Users\91528\PycharmProjects\flaskProject\venv\lib\site-packages\pymysql\protocol.py", line 221, in raise_for_error
    err.raise_mysql_exception(self._data)
  File "C:\Users\91528\PycharmProjects\flaskProject\venv\lib\site-packages\pymysql\err.py", line 143, in raise_mysql_exception
    raise errorclass(errno, errval)
pymysql.err.IntegrityError: (1062, "Duplicate entry '0' for key 'syuser.PRIMARY'")

The above exception was the direct cause of the following exception:

Traceback (most recent call last):
  File "C:\Users\91528\PycharmProjects\flaskProject\venv\lib\site-packages\flask\app.py", line 2447, in wsgi_app
    response = self.full_dispatch_request()
  File "C:\Users\91528\PycharmProjects\flaskProject\venv\lib\site-packages\flask\app.py", line 1952, in full_dispatch_request
    rv = self.handle_user_exception(e)
  File "C:\Users\91528\PycharmProjects\flaskProject\venv\lib\site-packages\flask\app.py", line 1821, in handle_user_exception
    reraise(exc_type, exc_value, tb)
  File "C:\Users\91528\PycharmProjects\flaskProject\venv\lib\site-packages\flask\_compat.py", line 39, in reraise
    raise value
  File "C:\Users\91528\PycharmProjects\flaskProject\venv\lib\site-packages\flask\app.py", line 1950, in full_dispatch_request
    rv = self.dispatch_request()
  File "C:\Users\91528\PycharmProjects\flaskProject\venv\lib\site-packages\flask\app.py", line 1936, in dispatch_request
    return self.view_functions[rule.endpoint](**req.view_args)
  File "C:\Users\91528\PycharmProjects\flaskProject\api_1_0\users.py", line 26, in index
    db.session.commit()
  File "<string>", line 2, in commit
  File "C:\Users\91528\PycharmProjects\flaskProject\venv\lib\site-packages\sqlalchemy\orm\session.py", line 1428, in commit
    self._transaction.commit(_to_root=self.future)
  File "C:\Users\91528\PycharmProjects\flaskProject\venv\lib\site-packages\sqlalchemy\orm\session.py", line 829, in commit
    self._prepare_impl()
  File "C:\Users\91528\PycharmProjects\flaskProject\venv\lib\site-packages\sqlalchemy\orm\session.py", line 808, in _prepare_impl
    self.session.flush()
  File "C:\Users\91528\PycharmProjects\flaskProject\venv\lib\site-packages\sqlalchemy\orm\session.py", line 3298, in flush
    self._flush(objects)
  File "C:\Users\91528\PycharmProjects\flaskProject\venv\lib\site-packages\sqlalchemy\orm\session.py", line 3438, in _flush
    transaction.rollback(_capture_exception=True)
  File "C:\Users\91528\PycharmProjects\flaskProject\venv\lib\site-packages\sqlalchemy\util\langhelpers.py", line 70, in __exit__
    compat.raise_(
  File "C:\Users\91528\PycharmProjects\flaskProject\venv\lib\site-packages\sqlalchemy\util\compat.py", line 207, in raise_
    raise exception
  File "C:\Users\91528\PycharmProjects\flaskProject\venv\lib\site-packages\sqlalchemy\orm\session.py", line 3398, in _flush
    flush_context.execute()
  File "C:\Users\91528\PycharmProjects\flaskProject\venv\lib\site-packages\sqlalchemy\orm\unitofwork.py", line 456, in execute
    rec.execute(self)
  File "C:\Users\91528\PycharmProjects\flaskProject\venv\lib\site-packages\sqlalchemy\orm\unitofwork.py", line 630, in execute
    util.preloaded.orm_persistence.save_obj(
  File "C:\Users\91528\PycharmProjects\flaskProject\venv\lib\site-packages\sqlalchemy\orm\persistence.py", line 242, in save_obj
    _emit_insert_statements(
  File "C:\Users\91528\PycharmProjects\flaskProject\venv\lib\site-packages\sqlalchemy\orm\persistence.py", line 1094, in _emit_insert_statements
    c = connection._execute_20(
  File "C:\Users\91528\PycharmProjects\flaskProject\venv\lib\site-packages\sqlalchemy\engine\base.py", line 1583, in _execute_20
    return meth(self, args_10style, kwargs_10style, execution_options)
  File "C:\Users\91528\PycharmProjects\flaskProject\venv\lib\site-packages\sqlalchemy\sql\elements.py", line 323, in _execute_on_connection
    return connection._execute_clauseelement(
  File "C:\Users\91528\PycharmProjects\flaskProject\venv\lib\site-packages\sqlalchemy\engine\base.py", line 1452, in _execute_clauseelement
    ret = self._execute_context(
  File "C:\Users\91528\PycharmProjects\flaskProject\venv\lib\site-packages\sqlalchemy\engine\base.py", line 1814, in _execute_context
    self._handle_dbapi_exception(
  File "C:\Users\91528\PycharmProjects\flaskProject\venv\lib\site-packages\sqlalchemy\engine\base.py", line 1995, in _handle_dbapi_exception
    util.raise_(
  File "C:\Users\91528\PycharmProjects\flaskProject\venv\lib\site-packages\sqlalchemy\util\compat.py", line 207, in raise_
    raise exception
  File "C:\Users\91528\PycharmProjects\flaskProject\venv\lib\site-packages\sqlalchemy\engine\base.py", line 1771, in _execute_context
    self.dialect.do_execute(
  File "C:\Users\91528\PycharmProjects\flaskProject\venv\lib\site-packages\sqlalchemy\engine\default.py", line 717, in do_execute
    cursor.execute(statement, parameters)
  File "C:\Users\91528\PycharmProjects\flaskProject\venv\lib\site-packages\pymysql\cursors.py", line 148, in execute
    result = self._query(query)
  File "C:\Users\91528\PycharmProjects\flaskProject\venv\lib\site-packages\pymysql\cursors.py", line 310, in _query
    conn.query(q)
  File "C:\Users\91528\PycharmProjects\flaskProject\venv\lib\site-packages\pymysql\connections.py", line 548, in query
    self._affected_rows = self._read_query_result(unbuffered=unbuffered)
  File "C:\Users\91528\PycharmProjects\flaskProject\venv\lib\site-packages\pymysql\connections.py", line 775, in _read_query_result
    result.read()
  File "C:\Users\91528\PycharmProjects\flaskProject\venv\lib\site-packages\pymysql\connections.py", line 1156, in read
    first_packet = self.connection._read_packet()
  File "C:\Users\91528\PycharmProjects\flaskProject\venv\lib\site-packages\pymysql\connections.py", line 725, in _read_packet
    packet.raise_for_error()
  File "C:\Users\91528\PycharmProjects\flaskProject\venv\lib\site-packages\pymysql\protocol.py", line 221, in raise_for_error
    err.raise_mysql_exception(self._data)
  File "C:\Users\91528\PycharmProjects\flaskProject\venv\lib\site-packages\pymysql\err.py", line 143, in raise_mysql_exception
    raise errorclass(errno, errval)
sqlalchemy.exc.IntegrityError: (pymysql.err.IntegrityError) (1062, "Duplicate entry '0' for key 'syuser.PRIMARY'")
[SQL: INSERT INTO `SYUSER` (`ID`, `CREATEDATETIME`, `UPDATEDATETIME`, `LOGINNAME`, `PWD`, `NAME`, `SEX`, `AGE`, `PHOTO`, `EMPLOYDATE`) VALUES (%(ID)s, %(CREATEDATETIME)s, %(UPDATEDATETIME)s, %(LOGINNAME)s, %(PWD)s, %(NAME)s, %(SEX)s, %(AGE)s, %(PHOTO)s, %(EMPLOYDATE)s)]
[parameters: {'ID': '0', 'CREATEDATETIME': datetime.datetime(2022, 2, 13, 11, 6, 33, 30832), 'UPDATEDATETIME': datetime.datetime(2022, 2, 13, 11, 6, 33, 30832), 'LOGINNAME': 'admin', 'PWD': 'e10adc3949ba59abbe56e057f20f883e', 'NAME': '≥¨º∂π‹¿Ì‘±', 'SEX': '≈Æ', 'AGE': None, 'PHOTO': None, 'EMPLOYDATE': datetime.datetime(2022, 2, 13, 11, 6, 33, 30832)}]
(Background on this error at: https://sqlalche.me/e/14/gkpj)
INFO _internal.py:113 127.0.0.1 - - [13/Feb/2022 11:06:33] "[35m[1mGET /api/v1.0/index HTTP/1.1[0m" 500 -
INFO _internal.py:113  * Running on http://127.0.0.1:5000/ (Press CTRL+C to quit)
ERROR app.py:1891 Exception on /api/v1.0/index [GET]
Traceback (most recent call last):
  File "C:\Users\91528\PycharmProjects\flaskProject\venv\lib\site-packages\sqlalchemy\engine\base.py", line 1771, in _execute_context
    self.dialect.do_execute(
  File "C:\Users\91528\PycharmProjects\flaskProject\venv\lib\site-packages\sqlalchemy\engine\default.py", line 717, in do_execute
    cursor.execute(statement, parameters)
  File "C:\Users\91528\PycharmProjects\flaskProject\venv\lib\site-packages\pymysql\cursors.py", line 148, in execute
    result = self._query(query)
  File "C:\Users\91528\PycharmProjects\flaskProject\venv\lib\site-packages\pymysql\cursors.py", line 310, in _query
    conn.query(q)
  File "C:\Users\91528\PycharmProjects\flaskProject\venv\lib\site-packages\pymysql\connections.py", line 548, in query
    self._affected_rows = self._read_query_result(unbuffered=unbuffered)
  File "C:\Users\91528\PycharmProjects\flaskProject\venv\lib\site-packages\pymysql\connections.py", line 775, in _read_query_result
    result.read()
  File "C:\Users\91528\PycharmProjects\flaskProject\venv\lib\site-packages\pymysql\connections.py", line 1156, in read
    first_packet = self.connection._read_packet()
  File "C:\Users\91528\PycharmProjects\flaskProject\venv\lib\site-packages\pymysql\connections.py", line 725, in _read_packet
    packet.raise_for_error()
  File "C:\Users\91528\PycharmProjects\flaskProject\venv\lib\site-packages\pymysql\protocol.py", line 221, in raise_for_error
    err.raise_mysql_exception(self._data)
  File "C:\Users\91528\PycharmProjects\flaskProject\venv\lib\site-packages\pymysql\err.py", line 143, in raise_mysql_exception
    raise errorclass(errno, errval)
pymysql.err.IntegrityError: (1062, "Duplicate entry 'admin' for key 'syuser.UK_eiov1gsncrds3rean3dmu822p'")

The above exception was the direct cause of the following exception:

Traceback (most recent call last):
  File "C:\Users\91528\PycharmProjects\flaskProject\venv\lib\site-packages\flask\app.py", line 2447, in wsgi_app
    response = self.full_dispatch_request()
  File "C:\Users\91528\PycharmProjects\flaskProject\venv\lib\site-packages\flask\app.py", line 1952, in full_dispatch_request
    rv = self.handle_user_exception(e)
  File "C:\Users\91528\PycharmProjects\flaskProject\venv\lib\site-packages\flask\app.py", line 1821, in handle_user_exception
    reraise(exc_type, exc_value, tb)
  File "C:\Users\91528\PycharmProjects\flaskProject\venv\lib\site-packages\flask\_compat.py", line 39, in reraise
    raise value
  File "C:\Users\91528\PycharmProjects\flaskProject\venv\lib\site-packages\flask\app.py", line 1950, in full_dispatch_request
    rv = self.dispatch_request()
  File "C:\Users\91528\PycharmProjects\flaskProject\venv\lib\site-packages\flask\app.py", line 1936, in dispatch_request
    return self.view_functions[rule.endpoint](**req.view_args)
  File "C:\Users\91528\PycharmProjects\flaskProject\api_1_0\users.py", line 26, in index
    db.session.commit()
  File "<string>", line 2, in commit
  File "C:\Users\91528\PycharmProjects\flaskProject\venv\lib\site-packages\sqlalchemy\orm\session.py", line 1428, in commit
    self._transaction.commit(_to_root=self.future)
  File "C:\Users\91528\PycharmProjects\flaskProject\venv\lib\site-packages\sqlalchemy\orm\session.py", line 829, in commit
    self._prepare_impl()
  File "C:\Users\91528\PycharmProjects\flaskProject\venv\lib\site-packages\sqlalchemy\orm\session.py", line 808, in _prepare_impl
    self.session.flush()
  File "C:\Users\91528\PycharmProjects\flaskProject\venv\lib\site-packages\sqlalchemy\orm\session.py", line 3298, in flush
    self._flush(objects)
  File "C:\Users\91528\PycharmProjects\flaskProject\venv\lib\site-packages\sqlalchemy\orm\session.py", line 3438, in _flush
    transaction.rollback(_capture_exception=True)
  File "C:\Users\91528\PycharmProjects\flaskProject\venv\lib\site-packages\sqlalchemy\util\langhelpers.py", line 70, in __exit__
    compat.raise_(
  File "C:\Users\91528\PycharmProjects\flaskProject\venv\lib\site-packages\sqlalchemy\util\compat.py", line 207, in raise_
    raise exception
  File "C:\Users\91528\PycharmProjects\flaskProject\venv\lib\site-packages\sqlalchemy\orm\session.py", line 3398, in _flush
    flush_context.execute()
  File "C:\Users\91528\PycharmProjects\flaskProject\venv\lib\site-packages\sqlalchemy\orm\unitofwork.py", line 456, in execute
    rec.execute(self)
  File "C:\Users\91528\PycharmProjects\flaskProject\venv\lib\site-packages\sqlalchemy\orm\unitofwork.py", line 630, in execute
    util.preloaded.orm_persistence.save_obj(
  File "C:\Users\91528\PycharmProjects\flaskProject\venv\lib\site-packages\sqlalchemy\orm\persistence.py", line 242, in save_obj
    _emit_insert_statements(
  File "C:\Users\91528\PycharmProjects\flaskProject\venv\lib\site-packages\sqlalchemy\orm\persistence.py", line 1094, in _emit_insert_statements
    c = connection._execute_20(
  File "C:\Users\91528\PycharmProjects\flaskProject\venv\lib\site-packages\sqlalchemy\engine\base.py", line 1583, in _execute_20
    return meth(self, args_10style, kwargs_10style, execution_options)
  File "C:\Users\91528\PycharmProjects\flaskProject\venv\lib\site-packages\sqlalchemy\sql\elements.py", line 323, in _execute_on_connection
    return connection._execute_clauseelement(
  File "C:\Users\91528\PycharmProjects\flaskProject\venv\lib\site-packages\sqlalchemy\engine\base.py", line 1452, in _execute_clauseelement
    ret = self._execute_context(
  File "C:\Users\91528\PycharmProjects\flaskProject\venv\lib\site-packages\sqlalchemy\engine\base.py", line 1814, in _execute_context
    self._handle_dbapi_exception(
  File "C:\Users\91528\PycharmProjects\flaskProject\venv\lib\site-packages\sqlalchemy\engine\base.py", line 1995, in _handle_dbapi_exception
    util.raise_(
  File "C:\Users\91528\PycharmProjects\flaskProject\venv\lib\site-packages\sqlalchemy\util\compat.py", line 207, in raise_
    raise exception
  File "C:\Users\91528\PycharmProjects\flaskProject\venv\lib\site-packages\sqlalchemy\engine\base.py", line 1771, in _execute_context
    self.dialect.do_execute(
  File "C:\Users\91528\PycharmProjects\flaskProject\venv\lib\site-packages\sqlalchemy\engine\default.py", line 717, in do_execute
    cursor.execute(statement, parameters)
  File "C:\Users\91528\PycharmProjects\flaskProject\venv\lib\site-packages\pymysql\cursors.py", line 148, in execute
    result = self._query(query)
  File "C:\Users\91528\PycharmProjects\flaskProject\venv\lib\site-packages\pymysql\cursors.py", line 310, in _query
    conn.query(q)
  File "C:\Users\91528\PycharmProjects\flaskProject\venv\lib\site-packages\pymysql\connections.py", line 548, in query
    self._affected_rows = self._read_query_result(unbuffered=unbuffered)
  File "C:\Users\91528\PycharmProjects\flaskProject\venv\lib\site-packages\pymysql\connections.py", line 775, in _read_query_result
    result.read()
  File "C:\Users\91528\PycharmProjects\flaskProject\venv\lib\site-packages\pymysql\connections.py", line 1156, in read
    first_packet = self.connection._read_packet()
  File "C:\Users\91528\PycharmProjects\flaskProject\venv\lib\site-packages\pymysql\connections.py", line 725, in _read_packet
    packet.raise_for_error()
  File "C:\Users\91528\PycharmProjects\flaskProject\venv\lib\site-packages\pymysql\protocol.py", line 221, in raise_for_error
    err.raise_mysql_exception(self._data)
  File "C:\Users\91528\PycharmProjects\flaskProject\venv\lib\site-packages\pymysql\err.py", line 143, in raise_mysql_exception
    raise errorclass(errno, errval)
sqlalchemy.exc.IntegrityError: (pymysql.err.IntegrityError) (1062, "Duplicate entry 'admin' for key 'syuser.UK_eiov1gsncrds3rean3dmu822p'")
[SQL: INSERT INTO `SYUSER` (`ID`, `CREATEDATETIME`, `UPDATEDATETIME`, `LOGINNAME`, `PWD`, `NAME`, `SEX`, `AGE`, `PHOTO`, `EMPLOYDATE`) VALUES (%(ID)s, %(CREATEDATETIME)s, %(UPDATEDATETIME)s, %(LOGINNAME)s, %(PWD)s, %(NAME)s, %(SEX)s, %(AGE)s, %(PHOTO)s, %(EMPLOYDATE)s)]
[parameters: {'ID': '1', 'CREATEDATETIME': datetime.datetime(2022, 2, 13, 11, 7, 2, 641884), 'UPDATEDATETIME': datetime.datetime(2022, 2, 13, 11, 7, 2, 641884), 'LOGINNAME': 'admin', 'PWD': 'e10adc3949ba59abbe56e057f20f883e', 'NAME': '≥¨º∂π‹¿Ì‘±', 'SEX': '≈Æ', 'AGE': None, 'PHOTO': None, 'EMPLOYDATE': datetime.datetime(2022, 2, 13, 11, 7, 2, 641884)}]
(Background on this error at: https://sqlalche.me/e/14/gkpj)
INFO _internal.py:113 127.0.0.1 - - [13/Feb/2022 11:07:02] "[35m[1mGET /api/v1.0/index HTTP/1.1[0m" 500 -
INFO _internal.py:113  * Running on http://127.0.0.1:5000/ (Press CTRL+C to quit)
INFO _internal.py:113 127.0.0.1 - - [13/Feb/2022 11:08:35] "[37mGET /api/v1.0/index HTTP/1.1[0m" 200 -
INFO _internal.py:113  * Running on http://127.0.0.1:5000/ (Press CTRL+C to quit)
INFO _internal.py:113 127.0.0.1 - - [02/Dec/2022 09:55:21] "[33mGET / HTTP/1.1[0m" 404 -
INFO _internal.py:113 127.0.0.1 - - [02/Dec/2022 09:55:21] "[33mGET / HTTP/1.1[0m" 404 -
INFO _internal.py:113 127.0.0.1 - - [02/Dec/2022 09:55:21] "[33mGET / HTTP/1.1[0m" 404 -
INFO _internal.py:113 127.0.0.1 - - [02/Dec/2022 09:55:21] "[33mGET / HTTP/1.1[0m" 404 -
INFO _internal.py:113 127.0.0.1 - - [02/Dec/2022 09:55:33] "[33mGET /favicon.ico HTTP/1.1[0m" 404 -
INFO _internal.py:113 127.0.0.1 - - [02/Dec/2022 09:55:33] "[33mGET /favicon.ico HTTP/1.1[0m" 404 -
INFO _internal.py:113 127.0.0.1 - - [02/Dec/2022 09:55:33] "[33mGET /favicon.ico HTTP/1.1[0m" 404 -
INFO _internal.py:113 127.0.0.1 - - [02/Dec/2022 09:55:33] "[33mGET /favicon.ico HTTP/1.1[0m" 404 -
INFO _internal.py:113 127.0.0.1 - - [02/Dec/2022 09:59:53] "[37mGET /index HTTP/1.1[0m" 200 -
INFO _internal.py:113  * Running on http://127.0.0.1:5000/ (Press CTRL+C to quit)
INFO _internal.py:113 127.0.0.1 - - [04/Dec/2022 09:02:45] "[37mGET /api/v1.0/index HTTP/1.1[0m" 200 -
INFO _internal.py:113 127.0.0.1 - - [04/Dec/2022 09:02:45] "[33mGET /favicon.ico HTTP/1.1[0m" 404 -
INFO _internal.py:113  * Running on http://127.0.0.1:5000/ (Press CTRL+C to quit)
INFO _internal.py:113 127.0.0.1 - - [06/Dec/2022 12:43:48] "[33mGET / HTTP/1.1[0m" 404 -
INFO _internal.py:113 127.0.0.1 - - [06/Dec/2022 12:43:48] "[33mGET / HTTP/1.1[0m" 404 -
INFO _internal.py:113 127.0.0.1 - - [06/Dec/2022 12:43:48] "[33mGET /favicon.ico HTTP/1.1[0m" 404 -
INFO _internal.py:113 127.0.0.1 - - [06/Dec/2022 12:43:58] "[37mGET /index HTTP/1.1[0m" 200 -
INFO _internal.py:113  * Running on http://127.0.0.1:5000/ (Press CTRL+C to quit)
INFO _internal.py:113 127.0.0.1 - - [06/Dec/2022 15:46:01] "[33mGET / HTTP/1.1[0m" 404 -
INFO _internal.py:113 127.0.0.1 - - [06/Dec/2022 15:46:01] "[33mGET / HTTP/1.1[0m" 404 -
INFO _internal.py:113 127.0.0.1 - - [06/Dec/2022 15:46:18] "[33mGET / HTTP/1.1[0m" 404 -
ERROR app.py:1891 Exception on /api/v1.0/index [GET]
Traceback (most recent call last):
  File "C:\Users\91528\PycharmProjects\flaskProject\venv\lib\site-packages\sqlalchemy\engine\base.py", line 1771, in _execute_context
    self.dialect.do_execute(
  File "C:\Users\91528\PycharmProjects\flaskProject\venv\lib\site-packages\sqlalchemy\engine\default.py", line 717, in do_execute
    cursor.execute(statement, parameters)
  File "C:\Users\91528\PycharmProjects\flaskProject\venv\lib\site-packages\pymysql\cursors.py", line 148, in execute
    result = self._query(query)
  File "C:\Users\91528\PycharmProjects\flaskProject\venv\lib\site-packages\pymysql\cursors.py", line 310, in _query
    conn.query(q)
  File "C:\Users\91528\PycharmProjects\flaskProject\venv\lib\site-packages\pymysql\connections.py", line 548, in query
    self._affected_rows = self._read_query_result(unbuffered=unbuffered)
  File "C:\Users\91528\PycharmProjects\flaskProject\venv\lib\site-packages\pymysql\connections.py", line 775, in _read_query_result
    result.read()
  File "C:\Users\91528\PycharmProjects\flaskProject\venv\lib\site-packages\pymysql\connections.py", line 1156, in read
    first_packet = self.connection._read_packet()
  File "C:\Users\91528\PycharmProjects\flaskProject\venv\lib\site-packages\pymysql\connections.py", line 725, in _read_packet
    packet.raise_for_error()
  File "C:\Users\91528\PycharmProjects\flaskProject\venv\lib\site-packages\pymysql\protocol.py", line 221, in raise_for_error
    err.raise_mysql_exception(self._data)
  File "C:\Users\91528\PycharmProjects\flaskProject\venv\lib\site-packages\pymysql\err.py", line 143, in raise_mysql_exception
    raise errorclass(errno, errval)
pymysql.err.IntegrityError: (1062, "Duplicate entry '1' for key 'syuser.PRIMARY'")

The above exception was the direct cause of the following exception:

Traceback (most recent call last):
  File "C:\Users\91528\PycharmProjects\flaskProject\venv\lib\site-packages\flask\app.py", line 2447, in wsgi_app
    response = self.full_dispatch_request()
  File "C:\Users\91528\PycharmProjects\flaskProject\venv\lib\site-packages\flask\app.py", line 1952, in full_dispatch_request
    rv = self.handle_user_exception(e)
  File "C:\Users\91528\PycharmProjects\flaskProject\venv\lib\site-packages\flask\app.py", line 1821, in handle_user_exception
    reraise(exc_type, exc_value, tb)
  File "C:\Users\91528\PycharmProjects\flaskProject\venv\lib\site-packages\flask\_compat.py", line 39, in reraise
    raise value
  File "C:\Users\91528\PycharmProjects\flaskProject\venv\lib\site-packages\flask\app.py", line 1950, in full_dispatch_request
    rv = self.dispatch_request()
  File "C:\Users\91528\PycharmProjects\flaskProject\venv\lib\site-packages\flask\app.py", line 1936, in dispatch_request
    return self.view_functions[rule.endpoint](**req.view_args)
  File "C:\Users\91528\PycharmProjects\flaskProject\api_1_0\users.py", line 24, in index
    db.session.commit()
  File "<string>", line 2, in commit
  File "C:\Users\91528\PycharmProjects\flaskProject\venv\lib\site-packages\sqlalchemy\orm\session.py", line 1428, in commit
    self._transaction.commit(_to_root=self.future)
  File "C:\Users\91528\PycharmProjects\flaskProject\venv\lib\site-packages\sqlalchemy\orm\session.py", line 829, in commit
    self._prepare_impl()
  File "C:\Users\91528\PycharmProjects\flaskProject\venv\lib\site-packages\sqlalchemy\orm\session.py", line 808, in _prepare_impl
    self.session.flush()
  File "C:\Users\91528\PycharmProjects\flaskProject\venv\lib\site-packages\sqlalchemy\orm\session.py", line 3298, in flush
    self._flush(objects)
  File "C:\Users\91528\PycharmProjects\flaskProject\venv\lib\site-packages\sqlalchemy\orm\session.py", line 3438, in _flush
    transaction.rollback(_capture_exception=True)
  File "C:\Users\91528\PycharmProjects\flaskProject\venv\lib\site-packages\sqlalchemy\util\langhelpers.py", line 70, in __exit__
    compat.raise_(
  File "C:\Users\91528\PycharmProjects\flaskProject\venv\lib\site-packages\sqlalchemy\util\compat.py", line 207, in raise_
    raise exception
  File "C:\Users\91528\PycharmProjects\flaskProject\venv\lib\site-packages\sqlalchemy\orm\session.py", line 3398, in _flush
    flush_context.execute()
  File "C:\Users\91528\PycharmProjects\flaskProject\venv\lib\site-packages\sqlalchemy\orm\unitofwork.py", line 456, in execute
    rec.execute(self)
  File "C:\Users\91528\PycharmProjects\flaskProject\venv\lib\site-packages\sqlalchemy\orm\unitofwork.py", line 630, in execute
    util.preloaded.orm_persistence.save_obj(
  File "C:\Users\91528\PycharmProjects\flaskProject\venv\lib\site-packages\sqlalchemy\orm\persistence.py", line 242, in save_obj
    _emit_insert_statements(
  File "C:\Users\91528\PycharmProjects\flaskProject\venv\lib\site-packages\sqlalchemy\orm\persistence.py", line 1094, in _emit_insert_statements
    c = connection._execute_20(
  File "C:\Users\91528\PycharmProjects\flaskProject\venv\lib\site-packages\sqlalchemy\engine\base.py", line 1583, in _execute_20
    return meth(self, args_10style, kwargs_10style, execution_options)
  File "C:\Users\91528\PycharmProjects\flaskProject\venv\lib\site-packages\sqlalchemy\sql\elements.py", line 323, in _execute_on_connection
    return connection._execute_clauseelement(
  File "C:\Users\91528\PycharmProjects\flaskProject\venv\lib\site-packages\sqlalchemy\engine\base.py", line 1452, in _execute_clauseelement
    ret = self._execute_context(
  File "C:\Users\91528\PycharmProjects\flaskProject\venv\lib\site-packages\sqlalchemy\engine\base.py", line 1814, in _execute_context
    self._handle_dbapi_exception(
  File "C:\Users\91528\PycharmProjects\flaskProject\venv\lib\site-packages\sqlalchemy\engine\base.py", line 1995, in _handle_dbapi_exception
    util.raise_(
  File "C:\Users\91528\PycharmProjects\flaskProject\venv\lib\site-packages\sqlalchemy\util\compat.py", line 207, in raise_
    raise exception
  File "C:\Users\91528\PycharmProjects\flaskProject\venv\lib\site-packages\sqlalchemy\engine\base.py", line 1771, in _execute_context
    self.dialect.do_execute(
  File "C:\Users\91528\PycharmProjects\flaskProject\venv\lib\site-packages\sqlalchemy\engine\default.py", line 717, in do_execute
    cursor.execute(statement, parameters)
  File "C:\Users\91528\PycharmProjects\flaskProject\venv\lib\site-packages\pymysql\cursors.py", line 148, in execute
    result = self._query(query)
  File "C:\Users\91528\PycharmProjects\flaskProject\venv\lib\site-packages\pymysql\cursors.py", line 310, in _query
    conn.query(q)
  File "C:\Users\91528\PycharmProjects\flaskProject\venv\lib\site-packages\pymysql\connections.py", line 548, in query
    self._affected_rows = self._read_query_result(unbuffered=unbuffered)
  File "C:\Users\91528\PycharmProjects\flaskProject\venv\lib\site-packages\pymysql\connections.py", line 775, in _read_query_result
    result.read()
  File "C:\Users\91528\PycharmProjects\flaskProject\venv\lib\site-packages\pymysql\connections.py", line 1156, in read
    first_packet = self.connection._read_packet()
  File "C:\Users\91528\PycharmProjects\flaskProject\venv\lib\site-packages\pymysql\connections.py", line 725, in _read_packet
    packet.raise_for_error()
  File "C:\Users\91528\PycharmProjects\flaskProject\venv\lib\site-packages\pymysql\protocol.py", line 221, in raise_for_error
    err.raise_mysql_exception(self._data)
  File "C:\Users\91528\PycharmProjects\flaskProject\venv\lib\site-packages\pymysql\err.py", line 143, in raise_mysql_exception
    raise errorclass(errno, errval)
sqlalchemy.exc.IntegrityError: (pymysql.err.IntegrityError) (1062, "Duplicate entry '1' for key 'syuser.PRIMARY'")
[SQL: INSERT INTO `SYUSER` (`ID`, `CREATEDATETIME`, `UPDATEDATETIME`, `LOGINNAME`, `PWD`, `NAME`, `SEX`, `AGE`, `PHOTO`, `EMPLOYDATE`) VALUES (%(ID)s, %(CREATEDATETIME)s, %(UPDATEDATETIME)s, %(LOGINNAME)s, %(PWD)s, %(NAME)s, %(SEX)s, %(AGE)s, %(PHOTO)s, %(EMPLOYDATE)s)]
[parameters: {'ID': '1', 'CREATEDATETIME': datetime.datetime(2022, 12, 6, 15, 46, 24, 484960), 'UPDATEDATETIME': datetime.datetime(2022, 12, 6, 15, 46, 24, 484960), 'LOGINNAME': 'fuu', 'PWD': 'e10adc3949ba59abbe56e057f20f883e', 'NAME': '≥¨º∂π‹¿Ì‘±', 'SEX': '≈Æ', 'AGE': None, 'PHOTO': None, 'EMPLOYDATE': datetime.datetime(2022, 12, 6, 15, 46, 24, 484960)}]
(Background on this error at: https://sqlalche.me/e/14/gkpj)
INFO _internal.py:113 127.0.0.1 - - [06/Dec/2022 15:46:24] "[35m[1mGET /api/v1.0/index HTTP/1.1[0m" 500 -
INFO _internal.py:113  * Running on http://127.0.0.1:5000/ (Press CTRL+C to quit)
INFO _internal.py:113 127.0.0.1 - - [06/Dec/2022 15:48:46] "[37mGET /index HTTP/1.1[0m" 200 -
INFO _internal.py:113  * Running on http://127.0.0.1:5000/ (Press CTRL+C to quit)
INFO _internal.py:113 127.0.0.1 - - [06/Dec/2022 16:58:27] "[37mGET /index HTTP/1.1[0m" 200 -
INFO _internal.py:113  * Running on http://127.0.0.1:5000/ (Press CTRL+C to quit)
INFO _internal.py:113  * Running on http://127.0.0.1:5000/ (Press CTRL+C to quit)
INFO _internal.py:113  * Running on http://127.0.0.1:5000/ (Press CTRL+C to quit)
ERROR app.py:1891 Exception on /api/v1.0/index [GET]
Traceback (most recent call last):
  File "C:\Users\91528\PycharmProjects\flaskProject\venv\lib\site-packages\pymysql\connections.py", line 613, in connect
    sock = socket.create_connection(
  File "C:\Python\Python39\lib\socket.py", line 843, in create_connection
    raise err
  File "C:\Python\Python39\lib\socket.py", line 831, in create_connection
    sock.connect(sa)
OSError: [WinError 10049] ‘⁄∆‰…œœ¬Œƒ÷–£¨∏√«Î«Ûµƒµÿ÷∑Œﬁ–ß°£

During handling of the above exception, another exception occurred:

Traceback (most recent call last):
  File "C:\Users\91528\PycharmProjects\flaskProject\venv\lib\site-packages\sqlalchemy\engine\base.py", line 3212, in _wrap_pool_connect
    return fn()
  File "C:\Users\91528\PycharmProjects\flaskProject\venv\lib\site-packages\sqlalchemy\pool\base.py", line 307, in connect
    return _ConnectionFairy._checkout(self)
  File "C:\Users\91528\PycharmProjects\flaskProject\venv\lib\site-packages\sqlalchemy\pool\base.py", line 767, in _checkout
    fairy = _ConnectionRecord.checkout(pool)
  File "C:\Users\91528\PycharmProjects\flaskProject\venv\lib\site-packages\sqlalchemy\pool\base.py", line 425, in checkout
    rec = pool._do_get()
  File "C:\Users\91528\PycharmProjects\flaskProject\venv\lib\site-packages\sqlalchemy\pool\impl.py", line 146, in _do_get
    self._dec_overflow()
  File "C:\Users\91528\PycharmProjects\flaskProject\venv\lib\site-packages\sqlalchemy\util\langhelpers.py", line 70, in __exit__
    compat.raise_(
  File "C:\Users\91528\PycharmProjects\flaskProject\venv\lib\site-packages\sqlalchemy\util\compat.py", line 207, in raise_
    raise exception
  File "C:\Users\91528\PycharmProjects\flaskProject\venv\lib\site-packages\sqlalchemy\pool\impl.py", line 143, in _do_get
    return self._create_connection()
  File "C:\Users\91528\PycharmProjects\flaskProject\venv\lib\site-packages\sqlalchemy\pool\base.py", line 253, in _create_connection
    return _ConnectionRecord(self)
  File "C:\Users\91528\PycharmProjects\flaskProject\venv\lib\site-packages\sqlalchemy\pool\base.py", line 368, in __init__
    self.__connect()
  File "C:\Users\91528\PycharmProjects\flaskProject\venv\lib\site-packages\sqlalchemy\pool\base.py", line 611, in __connect
    pool.logger.debug("Error on connect(): %s", e)
  File "C:\Users\91528\PycharmProjects\flaskProject\venv\lib\site-packages\sqlalchemy\util\langhelpers.py", line 70, in __exit__
    compat.raise_(
  File "C:\Users\91528\PycharmProjects\flaskProject\venv\lib\site-packages\sqlalchemy\util\compat.py", line 207, in raise_
    raise exception
  File "C:\Users\91528\PycharmProjects\flaskProject\venv\lib\site-packages\sqlalchemy\pool\base.py", line 605, in __connect
    connection = pool._invoke_creator(self)
  File "C:\Users\91528\PycharmProjects\flaskProject\venv\lib\site-packages\sqlalchemy\engine\create.py", line 578, in connect
    return dialect.connect(*cargs, **cparams)
  File "C:\Users\91528\PycharmProjects\flaskProject\venv\lib\site-packages\sqlalchemy\engine\default.py", line 584, in connect
    return self.dbapi.connect(*cargs, **cparams)
  File "C:\Users\91528\PycharmProjects\flaskProject\venv\lib\site-packages\pymysql\connections.py", line 353, in __init__
    self.connect()
  File "C:\Users\91528\PycharmProjects\flaskProject\venv\lib\site-packages\pymysql\connections.py", line 664, in connect
    raise exc
pymysql.err.OperationalError: (2003, "Can't connect to MySQL server on '0.0.0.0' ([WinError 10049] ‘⁄∆‰…œœ¬Œƒ÷–£¨∏√«Î«Ûµƒµÿ÷∑Œﬁ–ß°£)")

The above exception was the direct cause of the following exception:

Traceback (most recent call last):
  File "C:\Users\91528\PycharmProjects\flaskProject\venv\lib\site-packages\flask\app.py", line 2447, in wsgi_app
    response = self.full_dispatch_request()
  File "C:\Users\91528\PycharmProjects\flaskProject\venv\lib\site-packages\flask\app.py", line 1952, in full_dispatch_request
    rv = self.handle_user_exception(e)
  File "C:\Users\91528\PycharmProjects\flaskProject\venv\lib\site-packages\flask\app.py", line 1821, in handle_user_exception
    reraise(exc_type, exc_value, tb)
  File "C:\Users\91528\PycharmProjects\flaskProject\venv\lib\site-packages\flask\_compat.py", line 39, in reraise
    raise value
  File "C:\Users\91528\PycharmProjects\flaskProject\venv\lib\site-packages\flask\app.py", line 1950, in full_dispatch_request
    rv = self.dispatch_request()
  File "C:\Users\91528\PycharmProjects\flaskProject\venv\lib\site-packages\flask\app.py", line 1936, in dispatch_request
    return self.view_functions[rule.endpoint](**req.view_args)
  File "C:\Users\91528\PycharmProjects\flaskProject\api_1_0\users.py", line 24, in index
    db.session.commit()
  File "<string>", line 2, in commit
  File "C:\Users\91528\PycharmProjects\flaskProject\venv\lib\site-packages\sqlalchemy\orm\session.py", line 1428, in commit
    self._transaction.commit(_to_root=self.future)
  File "C:\Users\91528\PycharmProjects\flaskProject\venv\lib\site-packages\sqlalchemy\orm\session.py", line 829, in commit
    self._prepare_impl()
  File "C:\Users\91528\PycharmProjects\flaskProject\venv\lib\site-packages\sqlalchemy\orm\session.py", line 808, in _prepare_impl
    self.session.flush()
  File "C:\Users\91528\PycharmProjects\flaskProject\venv\lib\site-packages\sqlalchemy\orm\session.py", line 3298, in flush
    self._flush(objects)
  File "C:\Users\91528\PycharmProjects\flaskProject\venv\lib\site-packages\sqlalchemy\orm\session.py", line 3438, in _flush
    transaction.rollback(_capture_exception=True)
  File "C:\Users\91528\PycharmProjects\flaskProject\venv\lib\site-packages\sqlalchemy\util\langhelpers.py", line 70, in __exit__
    compat.raise_(
  File "C:\Users\91528\PycharmProjects\flaskProject\venv\lib\site-packages\sqlalchemy\util\compat.py", line 207, in raise_
    raise exception
  File "C:\Users\91528\PycharmProjects\flaskProject\venv\lib\site-packages\sqlalchemy\orm\session.py", line 3398, in _flush
    flush_context.execute()
  File "C:\Users\91528\PycharmProjects\flaskProject\venv\lib\site-packages\sqlalchemy\orm\unitofwork.py", line 456, in execute
    rec.execute(self)
  File "C:\Users\91528\PycharmProjects\flaskProject\venv\lib\site-packages\sqlalchemy\orm\unitofwork.py", line 630, in execute
    util.preloaded.orm_persistence.save_obj(
  File "C:\Users\91528\PycharmProjects\flaskProject\venv\lib\site-packages\sqlalchemy\orm\persistence.py", line 209, in save_obj
    for (
  File "C:\Users\91528\PycharmProjects\flaskProject\venv\lib\site-packages\sqlalchemy\orm\persistence.py", line 370, in _organize_states_for_save
    for state, dict_, mapper, connection in _connections_for_states(
  File "C:\Users\91528\PycharmProjects\flaskProject\venv\lib\site-packages\sqlalchemy\orm\persistence.py", line 1709, in _connections_for_states
    connection = uowtransaction.transaction.connection(base_mapper)
  File "C:\Users\91528\PycharmProjects\flaskProject\venv\lib\site-packages\sqlalchemy\orm\session.py", line 626, in connection
    return self._connection_for_bind(bind, execution_options)
  File "C:\Users\91528\PycharmProjects\flaskProject\venv\lib\site-packages\sqlalchemy\orm\session.py", line 735, in _connection_for_bind
    conn = self._parent._connection_for_bind(bind, execution_options)
  File "C:\Users\91528\PycharmProjects\flaskProject\venv\lib\site-packages\sqlalchemy\orm\session.py", line 747, in _connection_for_bind
    conn = bind.connect()
  File "C:\Users\91528\PycharmProjects\flaskProject\venv\lib\site-packages\sqlalchemy\engine\base.py", line 3166, in connect
    return self._connection_cls(self, close_with_result=close_with_result)
  File "C:\Users\91528\PycharmProjects\flaskProject\venv\lib\site-packages\sqlalchemy\engine\base.py", line 96, in __init__
    else engine.raw_connection()
  File "C:\Users\91528\PycharmProjects\flaskProject\venv\lib\site-packages\sqlalchemy\engine\base.py", line 3245, in raw_connection
    return self._wrap_pool_connect(self.pool.connect, _connection)
  File "C:\Users\91528\PycharmProjects\flaskProject\venv\lib\site-packages\sqlalchemy\engine\base.py", line 3215, in _wrap_pool_connect
    Connection._handle_dbapi_exception_noconnection(
  File "C:\Users\91528\PycharmProjects\flaskProject\venv\lib\site-packages\sqlalchemy\engine\base.py", line 2069, in _handle_dbapi_exception_noconnection
    util.raise_(
  File "C:\Users\91528\PycharmProjects\flaskProject\venv\lib\site-packages\sqlalchemy\util\compat.py", line 207, in raise_
    raise exception
  File "C:\Users\91528\PycharmProjects\flaskProject\venv\lib\site-packages\sqlalchemy\engine\base.py", line 3212, in _wrap_pool_connect
    return fn()
  File "C:\Users\91528\PycharmProjects\flaskProject\venv\lib\site-packages\sqlalchemy\pool\base.py", line 307, in connect
    return _ConnectionFairy._checkout(self)
  File "C:\Users\91528\PycharmProjects\flaskProject\venv\lib\site-packages\sqlalchemy\pool\base.py", line 767, in _checkout
    fairy = _ConnectionRecord.checkout(pool)
  File "C:\Users\91528\PycharmProjects\flaskProject\venv\lib\site-packages\sqlalchemy\pool\base.py", line 425, in checkout
    rec = pool._do_get()
  File "C:\Users\91528\PycharmProjects\flaskProject\venv\lib\site-packages\sqlalchemy\pool\impl.py", line 146, in _do_get
    self._dec_overflow()
  File "C:\Users\91528\PycharmProjects\flaskProject\venv\lib\site-packages\sqlalchemy\util\langhelpers.py", line 70, in __exit__
    compat.raise_(
  File "C:\Users\91528\PycharmProjects\flaskProject\venv\lib\site-packages\sqlalchemy\util\compat.py", line 207, in raise_
    raise exception
  File "C:\Users\91528\PycharmProjects\flaskProject\venv\lib\site-packages\sqlalchemy\pool\impl.py", line 143, in _do_get
    return self._create_connection()
  File "C:\Users\91528\PycharmProjects\flaskProject\venv\lib\site-packages\sqlalchemy\pool\base.py", line 253, in _create_connection
    return _ConnectionRecord(self)
  File "C:\Users\91528\PycharmProjects\flaskProject\venv\lib\site-packages\sqlalchemy\pool\base.py", line 368, in __init__
    self.__connect()
  File "C:\Users\91528\PycharmProjects\flaskProject\venv\lib\site-packages\sqlalchemy\pool\base.py", line 611, in __connect
    pool.logger.debug("Error on connect(): %s", e)
  File "C:\Users\91528\PycharmProjects\flaskProject\venv\lib\site-packages\sqlalchemy\util\langhelpers.py", line 70, in __exit__
    compat.raise_(
  File "C:\Users\91528\PycharmProjects\flaskProject\venv\lib\site-packages\sqlalchemy\util\compat.py", line 207, in raise_
    raise exception
  File "C:\Users\91528\PycharmProjects\flaskProject\venv\lib\site-packages\sqlalchemy\pool\base.py", line 605, in __connect
    connection = pool._invoke_creator(self)
  File "C:\Users\91528\PycharmProjects\flaskProject\venv\lib\site-packages\sqlalchemy\engine\create.py", line 578, in connect
    return dialect.connect(*cargs, **cparams)
  File "C:\Users\91528\PycharmProjects\flaskProject\venv\lib\site-packages\sqlalchemy\engine\default.py", line 584, in connect
    return self.dbapi.connect(*cargs, **cparams)
  File "C:\Users\91528\PycharmProjects\flaskProject\venv\lib\site-packages\pymysql\connections.py", line 353, in __init__
    self.connect()
  File "C:\Users\91528\PycharmProjects\flaskProject\venv\lib\site-packages\pymysql\connections.py", line 664, in connect
    raise exc
sqlalchemy.exc.OperationalError: (pymysql.err.OperationalError) (2003, "Can't connect to MySQL server on '0.0.0.0' ([WinError 10049] ‘⁄∆‰…œœ¬Œƒ÷–£¨∏√«Î«Ûµƒµÿ÷∑Œﬁ–ß°£)")
(Background on this error at: https://sqlalche.me/e/14/e3q8)
INFO _internal.py:113 127.0.0.1 - - [06/Dec/2022 17:52:36] "[35m[1mGET /api/v1.0/index HTTP/1.1[0m" 500 -
INFO _internal.py:113  * Running on http://127.0.0.1:5000/ (Press CTRL+C to quit)
INFO _internal.py:113 127.0.0.1 - - [06/Dec/2022 17:53:01] "[37mGET /api/v1.0/index HTTP/1.1[0m" 200 -
INFO _internal.py:113  * Running on http://127.0.0.1:5000/ (Press CTRL+C to quit)
ERROR app.py:1891 Exception on /api/v1.0/index [GET]
Traceback (most recent call last):
  File "C:\Users\91528\PycharmProjects\flaskProject\venv\lib\site-packages\sqlalchemy\engine\base.py", line 3212, in _wrap_pool_connect
    return fn()
  File "C:\Users\91528\PycharmProjects\flaskProject\venv\lib\site-packages\sqlalchemy\pool\base.py", line 307, in connect
    return _ConnectionFairy._checkout(self)
  File "C:\Users\91528\PycharmProjects\flaskProject\venv\lib\site-packages\sqlalchemy\pool\base.py", line 767, in _checkout
    fairy = _ConnectionRecord.checkout(pool)
  File "C:\Users\91528\PycharmProjects\flaskProject\venv\lib\site-packages\sqlalchemy\pool\base.py", line 425, in checkout
    rec = pool._do_get()
  File "C:\Users\91528\PycharmProjects\flaskProject\venv\lib\site-packages\sqlalchemy\pool\impl.py", line 146, in _do_get
    self._dec_overflow()
  File "C:\Users\91528\PycharmProjects\flaskProject\venv\lib\site-packages\sqlalchemy\util\langhelpers.py", line 70, in __exit__
    compat.raise_(
  File "C:\Users\91528\PycharmProjects\flaskProject\venv\lib\site-packages\sqlalchemy\util\compat.py", line 207, in raise_
    raise exception
  File "C:\Users\91528\PycharmProjects\flaskProject\venv\lib\site-packages\sqlalchemy\pool\impl.py", line 143, in _do_get
    return self._create_connection()
  File "C:\Users\91528\PycharmProjects\flaskProject\venv\lib\site-packages\sqlalchemy\pool\base.py", line 253, in _create_connection
    return _ConnectionRecord(self)
  File "C:\Users\91528\PycharmProjects\flaskProject\venv\lib\site-packages\sqlalchemy\pool\base.py", line 368, in __init__
    self.__connect()
  File "C:\Users\91528\PycharmProjects\flaskProject\venv\lib\site-packages\sqlalchemy\pool\base.py", line 611, in __connect
    pool.logger.debug("Error on connect(): %s", e)
  File "C:\Users\91528\PycharmProjects\flaskProject\venv\lib\site-packages\sqlalchemy\util\langhelpers.py", line 70, in __exit__
    compat.raise_(
  File "C:\Users\91528\PycharmProjects\flaskProject\venv\lib\site-packages\sqlalchemy\util\compat.py", line 207, in raise_
    raise exception
  File "C:\Users\91528\PycharmProjects\flaskProject\venv\lib\site-packages\sqlalchemy\pool\base.py", line 605, in __connect
    connection = pool._invoke_creator(self)
  File "C:\Users\91528\PycharmProjects\flaskProject\venv\lib\site-packages\sqlalchemy\engine\create.py", line 578, in connect
    return dialect.connect(*cargs, **cparams)
  File "C:\Users\91528\PycharmProjects\flaskProject\venv\lib\site-packages\sqlalchemy\engine\default.py", line 584, in connect
    return self.dbapi.connect(*cargs, **cparams)
  File "C:\Users\91528\PycharmProjects\flaskProject\venv\lib\site-packages\pymysql\connections.py", line 353, in __init__
    self.connect()
  File "C:\Users\91528\PycharmProjects\flaskProject\venv\lib\site-packages\pymysql\connections.py", line 632, in connect
    self._get_server_information()
  File "C:\Users\91528\PycharmProjects\flaskProject\venv\lib\site-packages\pymysql\connections.py", line 1055, in _get_server_information
    packet = self._read_packet()
  File "C:\Users\91528\PycharmProjects\flaskProject\venv\lib\site-packages\pymysql\connections.py", line 725, in _read_packet
    packet.raise_for_error()
  File "C:\Users\91528\PycharmProjects\flaskProject\venv\lib\site-packages\pymysql\protocol.py", line 221, in raise_for_error
    err.raise_mysql_exception(self._data)
  File "C:\Users\91528\PycharmProjects\flaskProject\venv\lib\site-packages\pymysql\err.py", line 143, in raise_mysql_exception
    raise errorclass(errno, errval)
pymysql.err.OperationalError: (1130, "DESKTOP-92UCF9U' is not allowed to connect to this MySQL server")

The above exception was the direct cause of the following exception:

Traceback (most recent call last):
  File "C:\Users\91528\PycharmProjects\flaskProject\venv\lib\site-packages\flask\app.py", line 2447, in wsgi_app
    response = self.full_dispatch_request()
  File "C:\Users\91528\PycharmProjects\flaskProject\venv\lib\site-packages\flask\app.py", line 1952, in full_dispatch_request
    rv = self.handle_user_exception(e)
  File "C:\Users\91528\PycharmProjects\flaskProject\venv\lib\site-packages\flask\app.py", line 1821, in handle_user_exception
    reraise(exc_type, exc_value, tb)
  File "C:\Users\91528\PycharmProjects\flaskProject\venv\lib\site-packages\flask\_compat.py", line 39, in reraise
    raise value
  File "C:\Users\91528\PycharmProjects\flaskProject\venv\lib\site-packages\flask\app.py", line 1950, in full_dispatch_request
    rv = self.dispatch_request()
  File "C:\Users\91528\PycharmProjects\flaskProject\venv\lib\site-packages\flask\app.py", line 1936, in dispatch_request
    return self.view_functions[rule.endpoint](**req.view_args)
  File "C:\Users\91528\PycharmProjects\flaskProject\api_1_0\users.py", line 24, in index
    db.session.commit()
  File "<string>", line 2, in commit
  File "C:\Users\91528\PycharmProjects\flaskProject\venv\lib\site-packages\sqlalchemy\orm\session.py", line 1428, in commit
    self._transaction.commit(_to_root=self.future)
  File "C:\Users\91528\PycharmProjects\flaskProject\venv\lib\site-packages\sqlalchemy\orm\session.py", line 829, in commit
    self._prepare_impl()
  File "C:\Users\91528\PycharmProjects\flaskProject\venv\lib\site-packages\sqlalchemy\orm\session.py", line 808, in _prepare_impl
    self.session.flush()
  File "C:\Users\91528\PycharmProjects\flaskProject\venv\lib\site-packages\sqlalchemy\orm\session.py", line 3298, in flush
    self._flush(objects)
  File "C:\Users\91528\PycharmProjects\flaskProject\venv\lib\site-packages\sqlalchemy\orm\session.py", line 3438, in _flush
    transaction.rollback(_capture_exception=True)
  File "C:\Users\91528\PycharmProjects\flaskProject\venv\lib\site-packages\sqlalchemy\util\langhelpers.py", line 70, in __exit__
    compat.raise_(
  File "C:\Users\91528\PycharmProjects\flaskProject\venv\lib\site-packages\sqlalchemy\util\compat.py", line 207, in raise_
    raise exception
  File "C:\Users\91528\PycharmProjects\flaskProject\venv\lib\site-packages\sqlalchemy\orm\session.py", line 3398, in _flush
    flush_context.execute()
  File "C:\Users\91528\PycharmProjects\flaskProject\venv\lib\site-packages\sqlalchemy\orm\unitofwork.py", line 456, in execute
    rec.execute(self)
  File "C:\Users\91528\PycharmProjects\flaskProject\venv\lib\site-packages\sqlalchemy\orm\unitofwork.py", line 630, in execute
    util.preloaded.orm_persistence.save_obj(
  File "C:\Users\91528\PycharmProjects\flaskProject\venv\lib\site-packages\sqlalchemy\orm\persistence.py", line 209, in save_obj
    for (
  File "C:\Users\91528\PycharmProjects\flaskProject\venv\lib\site-packages\sqlalchemy\orm\persistence.py", line 370, in _organize_states_for_save
    for state, dict_, mapper, connection in _connections_for_states(
  File "C:\Users\91528\PycharmProjects\flaskProject\venv\lib\site-packages\sqlalchemy\orm\persistence.py", line 1709, in _connections_for_states
    connection = uowtransaction.transaction.connection(base_mapper)
  File "C:\Users\91528\PycharmProjects\flaskProject\venv\lib\site-packages\sqlalchemy\orm\session.py", line 626, in connection
    return self._connection_for_bind(bind, execution_options)
  File "C:\Users\91528\PycharmProjects\flaskProject\venv\lib\site-packages\sqlalchemy\orm\session.py", line 735, in _connection_for_bind
    conn = self._parent._connection_for_bind(bind, execution_options)
  File "C:\Users\91528\PycharmProjects\flaskProject\venv\lib\site-packages\sqlalchemy\orm\session.py", line 747, in _connection_for_bind
    conn = bind.connect()
  File "C:\Users\91528\PycharmProjects\flaskProject\venv\lib\site-packages\sqlalchemy\engine\base.py", line 3166, in connect
    return self._connection_cls(self, close_with_result=close_with_result)
  File "C:\Users\91528\PycharmProjects\flaskProject\venv\lib\site-packages\sqlalchemy\engine\base.py", line 96, in __init__
    else engine.raw_connection()
  File "C:\Users\91528\PycharmProjects\flaskProject\venv\lib\site-packages\sqlalchemy\engine\base.py", line 3245, in raw_connection
    return self._wrap_pool_connect(self.pool.connect, _connection)
  File "C:\Users\91528\PycharmProjects\flaskProject\venv\lib\site-packages\sqlalchemy\engine\base.py", line 3215, in _wrap_pool_connect
    Connection._handle_dbapi_exception_noconnection(
  File "C:\Users\91528\PycharmProjects\flaskProject\venv\lib\site-packages\sqlalchemy\engine\base.py", line 2069, in _handle_dbapi_exception_noconnection
    util.raise_(
  File "C:\Users\91528\PycharmProjects\flaskProject\venv\lib\site-packages\sqlalchemy\util\compat.py", line 207, in raise_
    raise exception
  File "C:\Users\91528\PycharmProjects\flaskProject\venv\lib\site-packages\sqlalchemy\engine\base.py", line 3212, in _wrap_pool_connect
    return fn()
  File "C:\Users\91528\PycharmProjects\flaskProject\venv\lib\site-packages\sqlalchemy\pool\base.py", line 307, in connect
    return _ConnectionFairy._checkout(self)
  File "C:\Users\91528\PycharmProjects\flaskProject\venv\lib\site-packages\sqlalchemy\pool\base.py", line 767, in _checkout
    fairy = _ConnectionRecord.checkout(pool)
  File "C:\Users\91528\PycharmProjects\flaskProject\venv\lib\site-packages\sqlalchemy\pool\base.py", line 425, in checkout
    rec = pool._do_get()
  File "C:\Users\91528\PycharmProjects\flaskProject\venv\lib\site-packages\sqlalchemy\pool\impl.py", line 146, in _do_get
    self._dec_overflow()
  File "C:\Users\91528\PycharmProjects\flaskProject\venv\lib\site-packages\sqlalchemy\util\langhelpers.py", line 70, in __exit__
    compat.raise_(
  File "C:\Users\91528\PycharmProjects\flaskProject\venv\lib\site-packages\sqlalchemy\util\compat.py", line 207, in raise_
    raise exception
  File "C:\Users\91528\PycharmProjects\flaskProject\venv\lib\site-packages\sqlalchemy\pool\impl.py", line 143, in _do_get
    return self._create_connection()
  File "C:\Users\91528\PycharmProjects\flaskProject\venv\lib\site-packages\sqlalchemy\pool\base.py", line 253, in _create_connection
    return _ConnectionRecord(self)
  File "C:\Users\91528\PycharmProjects\flaskProject\venv\lib\site-packages\sqlalchemy\pool\base.py", line 368, in __init__
    self.__connect()
  File "C:\Users\91528\PycharmProjects\flaskProject\venv\lib\site-packages\sqlalchemy\pool\base.py", line 611, in __connect
    pool.logger.debug("Error on connect(): %s", e)
  File "C:\Users\91528\PycharmProjects\flaskProject\venv\lib\site-packages\sqlalchemy\util\langhelpers.py", line 70, in __exit__
    compat.raise_(
  File "C:\Users\91528\PycharmProjects\flaskProject\venv\lib\site-packages\sqlalchemy\util\compat.py", line 207, in raise_
    raise exception
  File "C:\Users\91528\PycharmProjects\flaskProject\venv\lib\site-packages\sqlalchemy\pool\base.py", line 605, in __connect
    connection = pool._invoke_creator(self)
  File "C:\Users\91528\PycharmProjects\flaskProject\venv\lib\site-packages\sqlalchemy\engine\create.py", line 578, in connect
    return dialect.connect(*cargs, **cparams)
  File "C:\Users\91528\PycharmProjects\flaskProject\venv\lib\site-packages\sqlalchemy\engine\default.py", line 584, in connect
    return self.dbapi.connect(*cargs, **cparams)
  File "C:\Users\91528\PycharmProjects\flaskProject\venv\lib\site-packages\pymysql\connections.py", line 353, in __init__
    self.connect()
  File "C:\Users\91528\PycharmProjects\flaskProject\venv\lib\site-packages\pymysql\connections.py", line 632, in connect
    self._get_server_information()
  File "C:\Users\91528\PycharmProjects\flaskProject\venv\lib\site-packages\pymysql\connections.py", line 1055, in _get_server_information
    packet = self._read_packet()
  File "C:\Users\91528\PycharmProjects\flaskProject\venv\lib\site-packages\pymysql\connections.py", line 725, in _read_packet
    packet.raise_for_error()
  File "C:\Users\91528\PycharmProjects\flaskProject\venv\lib\site-packages\pymysql\protocol.py", line 221, in raise_for_error
    err.raise_mysql_exception(self._data)
  File "C:\Users\91528\PycharmProjects\flaskProject\venv\lib\site-packages\pymysql\err.py", line 143, in raise_mysql_exception
    raise errorclass(errno, errval)
sqlalchemy.exc.OperationalError: (pymysql.err.OperationalError) (1130, "DESKTOP-92UCF9U' is not allowed to connect to this MySQL server")
(Background on this error at: https://sqlalche.me/e/14/e3q8)
INFO _internal.py:113 127.0.0.1 - - [06/Dec/2022 19:57:49] "[35m[1mGET /api/v1.0/index HTTP/1.1[0m" 500 -
INFO _internal.py:113  * Running on http://127.0.0.1:5000/ (Press CTRL+C to quit)
INFO _internal.py:113 127.0.0.1 - - [08/Dec/2022 10:24:04] "[33mGET / HTTP/1.1[0m" 404 -
INFO _internal.py:113 127.0.0.1 - - [08/Dec/2022 10:24:04] "[33mGET / HTTP/1.1[0m" 404 -
INFO _internal.py:113 127.0.0.1 - - [08/Dec/2022 10:24:04] "[33mGET /favicon.ico HTTP/1.1[0m" 404 -
INFO _internal.py:113 127.0.0.1 - - [08/Dec/2022 10:24:04] "[33mGET /favicon.ico HTTP/1.1[0m" 404 -
INFO _internal.py:113 127.0.0.1 - - [08/Dec/2022 10:24:09] "[37mGET /index HTTP/1.1[0m" 200 -
ERROR app.py:1891 Exception on /api/v1.0/index [GET]
Traceback (most recent call last):
  File "C:\Python\Python39\lib\encodings\idna.py", line 165, in encode
    raise UnicodeError("label empty or too long")
UnicodeError: label empty or too long

The above exception was the direct cause of the following exception:

Traceback (most recent call last):
  File "C:\Users\91528\PycharmProjects\flaskProject\venv\lib\site-packages\flask\app.py", line 2447, in wsgi_app
    response = self.full_dispatch_request()
  File "C:\Users\91528\PycharmProjects\flaskProject\venv\lib\site-packages\flask\app.py", line 1952, in full_dispatch_request
    rv = self.handle_user_exception(e)
  File "C:\Users\91528\PycharmProjects\flaskProject\venv\lib\site-packages\flask\app.py", line 1821, in handle_user_exception
    reraise(exc_type, exc_value, tb)
  File "C:\Users\91528\PycharmProjects\flaskProject\venv\lib\site-packages\flask\_compat.py", line 39, in reraise
    raise value
  File "C:\Users\91528\PycharmProjects\flaskProject\venv\lib\site-packages\flask\app.py", line 1950, in full_dispatch_request
    rv = self.dispatch_request()
  File "C:\Users\91528\PycharmProjects\flaskProject\venv\lib\site-packages\flask\app.py", line 1936, in dispatch_request
    return self.view_functions[rule.endpoint](**req.view_args)
  File "C:\Users\91528\PycharmProjects\flaskProject\api_1_0\users.py", line 24, in index
    db.session.commit()
  File "<string>", line 2, in commit
  File "C:\Users\91528\PycharmProjects\flaskProject\venv\lib\site-packages\sqlalchemy\orm\session.py", line 1428, in commit
    self._transaction.commit(_to_root=self.future)
  File "C:\Users\91528\PycharmProjects\flaskProject\venv\lib\site-packages\sqlalchemy\orm\session.py", line 829, in commit
    self._prepare_impl()
  File "C:\Users\91528\PycharmProjects\flaskProject\venv\lib\site-packages\sqlalchemy\orm\session.py", line 808, in _prepare_impl
    self.session.flush()
  File "C:\Users\91528\PycharmProjects\flaskProject\venv\lib\site-packages\sqlalchemy\orm\session.py", line 3298, in flush
    self._flush(objects)
  File "C:\Users\91528\PycharmProjects\flaskProject\venv\lib\site-packages\sqlalchemy\orm\session.py", line 3438, in _flush
    transaction.rollback(_capture_exception=True)
  File "C:\Users\91528\PycharmProjects\flaskProject\venv\lib\site-packages\sqlalchemy\util\langhelpers.py", line 70, in __exit__
    compat.raise_(
  File "C:\Users\91528\PycharmProjects\flaskProject\venv\lib\site-packages\sqlalchemy\util\compat.py", line 207, in raise_
    raise exception
  File "C:\Users\91528\PycharmProjects\flaskProject\venv\lib\site-packages\sqlalchemy\orm\session.py", line 3398, in _flush
    flush_context.execute()
  File "C:\Users\91528\PycharmProjects\flaskProject\venv\lib\site-packages\sqlalchemy\orm\unitofwork.py", line 456, in execute
    rec.execute(self)
  File "C:\Users\91528\PycharmProjects\flaskProject\venv\lib\site-packages\sqlalchemy\orm\unitofwork.py", line 630, in execute
    util.preloaded.orm_persistence.save_obj(
  File "C:\Users\91528\PycharmProjects\flaskProject\venv\lib\site-packages\sqlalchemy\orm\persistence.py", line 209, in save_obj
    for (
  File "C:\Users\91528\PycharmProjects\flaskProject\venv\lib\site-packages\sqlalchemy\orm\persistence.py", line 370, in _organize_states_for_save
    for state, dict_, mapper, connection in _connections_for_states(
  File "C:\Users\91528\PycharmProjects\flaskProject\venv\lib\site-packages\sqlalchemy\orm\persistence.py", line 1709, in _connections_for_states
    connection = uowtransaction.transaction.connection(base_mapper)
  File "C:\Users\91528\PycharmProjects\flaskProject\venv\lib\site-packages\sqlalchemy\orm\session.py", line 626, in connection
    return self._connection_for_bind(bind, execution_options)
  File "C:\Users\91528\PycharmProjects\flaskProject\venv\lib\site-packages\sqlalchemy\orm\session.py", line 735, in _connection_for_bind
    conn = self._parent._connection_for_bind(bind, execution_options)
  File "C:\Users\91528\PycharmProjects\flaskProject\venv\lib\site-packages\sqlalchemy\orm\session.py", line 747, in _connection_for_bind
    conn = bind.connect()
  File "C:\Users\91528\PycharmProjects\flaskProject\venv\lib\site-packages\sqlalchemy\engine\base.py", line 3166, in connect
    return self._connection_cls(self, close_with_result=close_with_result)
  File "C:\Users\91528\PycharmProjects\flaskProject\venv\lib\site-packages\sqlalchemy\engine\base.py", line 96, in __init__
    else engine.raw_connection()
  File "C:\Users\91528\PycharmProjects\flaskProject\venv\lib\site-packages\sqlalchemy\engine\base.py", line 3245, in raw_connection
    return self._wrap_pool_connect(self.pool.connect, _connection)
  File "C:\Users\91528\PycharmProjects\flaskProject\venv\lib\site-packages\sqlalchemy\engine\base.py", line 3212, in _wrap_pool_connect
    return fn()
  File "C:\Users\91528\PycharmProjects\flaskProject\venv\lib\site-packages\sqlalchemy\pool\base.py", line 307, in connect
    return _ConnectionFairy._checkout(self)
  File "C:\Users\91528\PycharmProjects\flaskProject\venv\lib\site-packages\sqlalchemy\pool\base.py", line 767, in _checkout
    fairy = _ConnectionRecord.checkout(pool)
  File "C:\Users\91528\PycharmProjects\flaskProject\venv\lib\site-packages\sqlalchemy\pool\base.py", line 425, in checkout
    rec = pool._do_get()
  File "C:\Users\91528\PycharmProjects\flaskProject\venv\lib\site-packages\sqlalchemy\pool\impl.py", line 146, in _do_get
    self._dec_overflow()
  File "C:\Users\91528\PycharmProjects\flaskProject\venv\lib\site-packages\sqlalchemy\util\langhelpers.py", line 70, in __exit__
    compat.raise_(
  File "C:\Users\91528\PycharmProjects\flaskProject\venv\lib\site-packages\sqlalchemy\util\compat.py", line 207, in raise_
    raise exception
  File "C:\Users\91528\PycharmProjects\flaskProject\venv\lib\site-packages\sqlalchemy\pool\impl.py", line 143, in _do_get
    return self._create_connection()
  File "C:\Users\91528\PycharmProjects\flaskProject\venv\lib\site-packages\sqlalchemy\pool\base.py", line 253, in _create_connection
    return _ConnectionRecord(self)
  File "C:\Users\91528\PycharmProjects\flaskProject\venv\lib\site-packages\sqlalchemy\pool\base.py", line 368, in __init__
    self.__connect()
  File "C:\Users\91528\PycharmProjects\flaskProject\venv\lib\site-packages\sqlalchemy\pool\base.py", line 611, in __connect
    pool.logger.debug("Error on connect(): %s", e)
  File "C:\Users\91528\PycharmProjects\flaskProject\venv\lib\site-packages\sqlalchemy\util\langhelpers.py", line 70, in __exit__
    compat.raise_(
  File "C:\Users\91528\PycharmProjects\flaskProject\venv\lib\site-packages\sqlalchemy\util\compat.py", line 207, in raise_
    raise exception
  File "C:\Users\91528\PycharmProjects\flaskProject\venv\lib\site-packages\sqlalchemy\pool\base.py", line 605, in __connect
    connection = pool._invoke_creator(self)
  File "C:\Users\91528\PycharmProjects\flaskProject\venv\lib\site-packages\sqlalchemy\engine\create.py", line 578, in connect
    return dialect.connect(*cargs, **cparams)
  File "C:\Users\91528\PycharmProjects\flaskProject\venv\lib\site-packages\sqlalchemy\engine\default.py", line 584, in connect
    return self.dbapi.connect(*cargs, **cparams)
  File "C:\Users\91528\PycharmProjects\flaskProject\venv\lib\site-packages\pymysql\connections.py", line 353, in __init__
    self.connect()
  File "C:\Users\91528\PycharmProjects\flaskProject\venv\lib\site-packages\pymysql\connections.py", line 613, in connect
    sock = socket.create_connection(
  File "C:\Python\Python39\lib\socket.py", line 822, in create_connection
    for res in getaddrinfo(host, port, 0, SOCK_STREAM):
  File "C:\Python\Python39\lib\socket.py", line 953, in getaddrinfo
    for res in _socket.getaddrinfo(host, port, family, type, proto, flags):
UnicodeError: encoding with 'idna' codec failed (UnicodeError: label empty or too long)
INFO _internal.py:113 127.0.0.1 - - [08/Dec/2022 10:24:14] "[35m[1mGET /api/v1.0/index HTTP/1.1[0m" 500 -
INFO _internal.py:113  * Running on http://127.0.0.1:5000/ (Press CTRL+C to quit)
ERROR app.py:1891 Exception on /api/v1.0/index [GET]
Traceback (most recent call last):
  File "C:\Python\Python39\lib\encodings\idna.py", line 165, in encode
    raise UnicodeError("label empty or too long")
UnicodeError: label empty or too long

The above exception was the direct cause of the following exception:

Traceback (most recent call last):
  File "C:\Users\91528\PycharmProjects\flaskProject\venv\lib\site-packages\flask\app.py", line 2447, in wsgi_app
    response = self.full_dispatch_request()
  File "C:\Users\91528\PycharmProjects\flaskProject\venv\lib\site-packages\flask\app.py", line 1952, in full_dispatch_request
    rv = self.handle_user_exception(e)
  File "C:\Users\91528\PycharmProjects\flaskProject\venv\lib\site-packages\flask\app.py", line 1821, in handle_user_exception
    reraise(exc_type, exc_value, tb)
  File "C:\Users\91528\PycharmProjects\flaskProject\venv\lib\site-packages\flask\_compat.py", line 39, in reraise
    raise value
  File "C:\Users\91528\PycharmProjects\flaskProject\venv\lib\site-packages\flask\app.py", line 1950, in full_dispatch_request
    rv = self.dispatch_request()
  File "C:\Users\91528\PycharmProjects\flaskProject\venv\lib\site-packages\flask\app.py", line 1936, in dispatch_request
    return self.view_functions[rule.endpoint](**req.view_args)
  File "C:\Users\91528\PycharmProjects\flaskProject\api_1_0\users.py", line 24, in index
    db.session.commit()
  File "<string>", line 2, in commit
  File "C:\Users\91528\PycharmProjects\flaskProject\venv\lib\site-packages\sqlalchemy\orm\session.py", line 1428, in commit
    self._transaction.commit(_to_root=self.future)
  File "C:\Users\91528\PycharmProjects\flaskProject\venv\lib\site-packages\sqlalchemy\orm\session.py", line 829, in commit
    self._prepare_impl()
  File "C:\Users\91528\PycharmProjects\flaskProject\venv\lib\site-packages\sqlalchemy\orm\session.py", line 808, in _prepare_impl
    self.session.flush()
  File "C:\Users\91528\PycharmProjects\flaskProject\venv\lib\site-packages\sqlalchemy\orm\session.py", line 3298, in flush
    self._flush(objects)
  File "C:\Users\91528\PycharmProjects\flaskProject\venv\lib\site-packages\sqlalchemy\orm\session.py", line 3438, in _flush
    transaction.rollback(_capture_exception=True)
  File "C:\Users\91528\PycharmProjects\flaskProject\venv\lib\site-packages\sqlalchemy\util\langhelpers.py", line 70, in __exit__
    compat.raise_(
  File "C:\Users\91528\PycharmProjects\flaskProject\venv\lib\site-packages\sqlalchemy\util\compat.py", line 207, in raise_
    raise exception
  File "C:\Users\91528\PycharmProjects\flaskProject\venv\lib\site-packages\sqlalchemy\orm\session.py", line 3398, in _flush
    flush_context.execute()
  File "C:\Users\91528\PycharmProjects\flaskProject\venv\lib\site-packages\sqlalchemy\orm\unitofwork.py", line 456, in execute
    rec.execute(self)
  File "C:\Users\91528\PycharmProjects\flaskProject\venv\lib\site-packages\sqlalchemy\orm\unitofwork.py", line 630, in execute
    util.preloaded.orm_persistence.save_obj(
  File "C:\Users\91528\PycharmProjects\flaskProject\venv\lib\site-packages\sqlalchemy\orm\persistence.py", line 209, in save_obj
    for (
  File "C:\Users\91528\PycharmProjects\flaskProject\venv\lib\site-packages\sqlalchemy\orm\persistence.py", line 370, in _organize_states_for_save
    for state, dict_, mapper, connection in _connections_for_states(
  File "C:\Users\91528\PycharmProjects\flaskProject\venv\lib\site-packages\sqlalchemy\orm\persistence.py", line 1709, in _connections_for_states
    connection = uowtransaction.transaction.connection(base_mapper)
  File "C:\Users\91528\PycharmProjects\flaskProject\venv\lib\site-packages\sqlalchemy\orm\session.py", line 626, in connection
    return self._connection_for_bind(bind, execution_options)
  File "C:\Users\91528\PycharmProjects\flaskProject\venv\lib\site-packages\sqlalchemy\orm\session.py", line 735, in _connection_for_bind
    conn = self._parent._connection_for_bind(bind, execution_options)
  File "C:\Users\91528\PycharmProjects\flaskProject\venv\lib\site-packages\sqlalchemy\orm\session.py", line 747, in _connection_for_bind
    conn = bind.connect()
  File "C:\Users\91528\PycharmProjects\flaskProject\venv\lib\site-packages\sqlalchemy\engine\base.py", line 3166, in connect
    return self._connection_cls(self, close_with_result=close_with_result)
  File "C:\Users\91528\PycharmProjects\flaskProject\venv\lib\site-packages\sqlalchemy\engine\base.py", line 96, in __init__
    else engine.raw_connection()
  File "C:\Users\91528\PycharmProjects\flaskProject\venv\lib\site-packages\sqlalchemy\engine\base.py", line 3245, in raw_connection
    return self._wrap_pool_connect(self.pool.connect, _connection)
  File "C:\Users\91528\PycharmProjects\flaskProject\venv\lib\site-packages\sqlalchemy\engine\base.py", line 3212, in _wrap_pool_connect
    return fn()
  File "C:\Users\91528\PycharmProjects\flaskProject\venv\lib\site-packages\sqlalchemy\pool\base.py", line 307, in connect
    return _ConnectionFairy._checkout(self)
  File "C:\Users\91528\PycharmProjects\flaskProject\venv\lib\site-packages\sqlalchemy\pool\base.py", line 767, in _checkout
    fairy = _ConnectionRecord.checkout(pool)
  File "C:\Users\91528\PycharmProjects\flaskProject\venv\lib\site-packages\sqlalchemy\pool\base.py", line 425, in checkout
    rec = pool._do_get()
  File "C:\Users\91528\PycharmProjects\flaskProject\venv\lib\site-packages\sqlalchemy\pool\impl.py", line 146, in _do_get
    self._dec_overflow()
  File "C:\Users\91528\PycharmProjects\flaskProject\venv\lib\site-packages\sqlalchemy\util\langhelpers.py", line 70, in __exit__
    compat.raise_(
  File "C:\Users\91528\PycharmProjects\flaskProject\venv\lib\site-packages\sqlalchemy\util\compat.py", line 207, in raise_
    raise exception
  File "C:\Users\91528\PycharmProjects\flaskProject\venv\lib\site-packages\sqlalchemy\pool\impl.py", line 143, in _do_get
    return self._create_connection()
  File "C:\Users\91528\PycharmProjects\flaskProject\venv\lib\site-packages\sqlalchemy\pool\base.py", line 253, in _create_connection
    return _ConnectionRecord(self)
  File "C:\Users\91528\PycharmProjects\flaskProject\venv\lib\site-packages\sqlalchemy\pool\base.py", line 368, in __init__
    self.__connect()
  File "C:\Users\91528\PycharmProjects\flaskProject\venv\lib\site-packages\sqlalchemy\pool\base.py", line 611, in __connect
    pool.logger.debug("Error on connect(): %s", e)
  File "C:\Users\91528\PycharmProjects\flaskProject\venv\lib\site-packages\sqlalchemy\util\langhelpers.py", line 70, in __exit__
    compat.raise_(
  File "C:\Users\91528\PycharmProjects\flaskProject\venv\lib\site-packages\sqlalchemy\util\compat.py", line 207, in raise_
    raise exception
  File "C:\Users\91528\PycharmProjects\flaskProject\venv\lib\site-packages\sqlalchemy\pool\base.py", line 605, in __connect
    connection = pool._invoke_creator(self)
  File "C:\Users\91528\PycharmProjects\flaskProject\venv\lib\site-packages\sqlalchemy\engine\create.py", line 578, in connect
    return dialect.connect(*cargs, **cparams)
  File "C:\Users\91528\PycharmProjects\flaskProject\venv\lib\site-packages\sqlalchemy\engine\default.py", line 584, in connect
    return self.dbapi.connect(*cargs, **cparams)
  File "C:\Users\91528\PycharmProjects\flaskProject\venv\lib\site-packages\pymysql\connections.py", line 353, in __init__
    self.connect()
  File "C:\Users\91528\PycharmProjects\flaskProject\venv\lib\site-packages\pymysql\connections.py", line 613, in connect
    sock = socket.create_connection(
  File "C:\Python\Python39\lib\socket.py", line 822, in create_connection
    for res in getaddrinfo(host, port, 0, SOCK_STREAM):
  File "C:\Python\Python39\lib\socket.py", line 953, in getaddrinfo
    for res in _socket.getaddrinfo(host, port, family, type, proto, flags):
UnicodeError: encoding with 'idna' codec failed (UnicodeError: label empty or too long)
INFO _internal.py:113 127.0.0.1 - - [08/Dec/2022 10:26:38] "[35m[1mGET /api/v1.0/index HTTP/1.1[0m" 500 -
INFO _internal.py:113  * Running on http://127.0.0.1:5000/ (Press CTRL+C to quit)
ERROR app.py:1891 Exception on /api/v1.0/index [GET]
Traceback (most recent call last):
  File "C:\Users\91528\PycharmProjects\flaskProject\venv\lib\site-packages\sqlalchemy\engine\base.py", line 1771, in _execute_context
    self.dialect.do_execute(
  File "C:\Users\91528\PycharmProjects\flaskProject\venv\lib\site-packages\sqlalchemy\engine\default.py", line 717, in do_execute
    cursor.execute(statement, parameters)
  File "C:\Users\91528\PycharmProjects\flaskProject\venv\lib\site-packages\pymysql\cursors.py", line 148, in execute
    result = self._query(query)
  File "C:\Users\91528\PycharmProjects\flaskProject\venv\lib\site-packages\pymysql\cursors.py", line 310, in _query
    conn.query(q)
  File "C:\Users\91528\PycharmProjects\flaskProject\venv\lib\site-packages\pymysql\connections.py", line 548, in query
    self._affected_rows = self._read_query_result(unbuffered=unbuffered)
  File "C:\Users\91528\PycharmProjects\flaskProject\venv\lib\site-packages\pymysql\connections.py", line 775, in _read_query_result
    result.read()
  File "C:\Users\91528\PycharmProjects\flaskProject\venv\lib\site-packages\pymysql\connections.py", line 1156, in read
    first_packet = self.connection._read_packet()
  File "C:\Users\91528\PycharmProjects\flaskProject\venv\lib\site-packages\pymysql\connections.py", line 725, in _read_packet
    packet.raise_for_error()
  File "C:\Users\91528\PycharmProjects\flaskProject\venv\lib\site-packages\pymysql\protocol.py", line 221, in raise_for_error
    err.raise_mysql_exception(self._data)
  File "C:\Users\91528\PycharmProjects\flaskProject\venv\lib\site-packages\pymysql\err.py", line 143, in raise_mysql_exception
    raise errorclass(errno, errval)
pymysql.err.ProgrammingError: (1146, "Table 'authbase.SYUSER' doesn't exist")

The above exception was the direct cause of the following exception:

Traceback (most recent call last):
  File "C:\Users\91528\PycharmProjects\flaskProject\venv\lib\site-packages\flask\app.py", line 2447, in wsgi_app
    response = self.full_dispatch_request()
  File "C:\Users\91528\PycharmProjects\flaskProject\venv\lib\site-packages\flask\app.py", line 1952, in full_dispatch_request
    rv = self.handle_user_exception(e)
  File "C:\Users\91528\PycharmProjects\flaskProject\venv\lib\site-packages\flask\app.py", line 1821, in handle_user_exception
    reraise(exc_type, exc_value, tb)
  File "C:\Users\91528\PycharmProjects\flaskProject\venv\lib\site-packages\flask\_compat.py", line 39, in reraise
    raise value
  File "C:\Users\91528\PycharmProjects\flaskProject\venv\lib\site-packages\flask\app.py", line 1950, in full_dispatch_request
    rv = self.dispatch_request()
  File "C:\Users\91528\PycharmProjects\flaskProject\venv\lib\site-packages\flask\app.py", line 1936, in dispatch_request
    return self.view_functions[rule.endpoint](**req.view_args)
  File "C:\Users\91528\PycharmProjects\flaskProject\api_1_0\users.py", line 24, in index
    db.session.commit()
  File "<string>", line 2, in commit
  File "C:\Users\91528\PycharmProjects\flaskProject\venv\lib\site-packages\sqlalchemy\orm\session.py", line 1428, in commit
    self._transaction.commit(_to_root=self.future)
  File "C:\Users\91528\PycharmProjects\flaskProject\venv\lib\site-packages\sqlalchemy\orm\session.py", line 829, in commit
    self._prepare_impl()
  File "C:\Users\91528\PycharmProjects\flaskProject\venv\lib\site-packages\sqlalchemy\orm\session.py", line 808, in _prepare_impl
    self.session.flush()
  File "C:\Users\91528\PycharmProjects\flaskProject\venv\lib\site-packages\sqlalchemy\orm\session.py", line 3298, in flush
    self._flush(objects)
  File "C:\Users\91528\PycharmProjects\flaskProject\venv\lib\site-packages\sqlalchemy\orm\session.py", line 3438, in _flush
    transaction.rollback(_capture_exception=True)
  File "C:\Users\91528\PycharmProjects\flaskProject\venv\lib\site-packages\sqlalchemy\util\langhelpers.py", line 70, in __exit__
    compat.raise_(
  File "C:\Users\91528\PycharmProjects\flaskProject\venv\lib\site-packages\sqlalchemy\util\compat.py", line 207, in raise_
    raise exception
  File "C:\Users\91528\PycharmProjects\flaskProject\venv\lib\site-packages\sqlalchemy\orm\session.py", line 3398, in _flush
    flush_context.execute()
  File "C:\Users\91528\PycharmProjects\flaskProject\venv\lib\site-packages\sqlalchemy\orm\unitofwork.py", line 456, in execute
    rec.execute(self)
  File "C:\Users\91528\PycharmProjects\flaskProject\venv\lib\site-packages\sqlalchemy\orm\unitofwork.py", line 630, in execute
    util.preloaded.orm_persistence.save_obj(
  File "C:\Users\91528\PycharmProjects\flaskProject\venv\lib\site-packages\sqlalchemy\orm\persistence.py", line 242, in save_obj
    _emit_insert_statements(
  File "C:\Users\91528\PycharmProjects\flaskProject\venv\lib\site-packages\sqlalchemy\orm\persistence.py", line 1094, in _emit_insert_statements
    c = connection._execute_20(
  File "C:\Users\91528\PycharmProjects\flaskProject\venv\lib\site-packages\sqlalchemy\engine\base.py", line 1583, in _execute_20
    return meth(self, args_10style, kwargs_10style, execution_options)
  File "C:\Users\91528\PycharmProjects\flaskProject\venv\lib\site-packages\sqlalchemy\sql\elements.py", line 323, in _execute_on_connection
    return connection._execute_clauseelement(
  File "C:\Users\91528\PycharmProjects\flaskProject\venv\lib\site-packages\sqlalchemy\engine\base.py", line 1452, in _execute_clauseelement
    ret = self._execute_context(
  File "C:\Users\91528\PycharmProjects\flaskProject\venv\lib\site-packages\sqlalchemy\engine\base.py", line 1814, in _execute_context
    self._handle_dbapi_exception(
  File "C:\Users\91528\PycharmProjects\flaskProject\venv\lib\site-packages\sqlalchemy\engine\base.py", line 1995, in _handle_dbapi_exception
    util.raise_(
  File "C:\Users\91528\PycharmProjects\flaskProject\venv\lib\site-packages\sqlalchemy\util\compat.py", line 207, in raise_
    raise exception
  File "C:\Users\91528\PycharmProjects\flaskProject\venv\lib\site-packages\sqlalchemy\engine\base.py", line 1771, in _execute_context
    self.dialect.do_execute(
  File "C:\Users\91528\PycharmProjects\flaskProject\venv\lib\site-packages\sqlalchemy\engine\default.py", line 717, in do_execute
    cursor.execute(statement, parameters)
  File "C:\Users\91528\PycharmProjects\flaskProject\venv\lib\site-packages\pymysql\cursors.py", line 148, in execute
    result = self._query(query)
  File "C:\Users\91528\PycharmProjects\flaskProject\venv\lib\site-packages\pymysql\cursors.py", line 310, in _query
    conn.query(q)
  File "C:\Users\91528\PycharmProjects\flaskProject\venv\lib\site-packages\pymysql\connections.py", line 548, in query
    self._affected_rows = self._read_query_result(unbuffered=unbuffered)
  File "C:\Users\91528\PycharmProjects\flaskProject\venv\lib\site-packages\pymysql\connections.py", line 775, in _read_query_result
    result.read()
  File "C:\Users\91528\PycharmProjects\flaskProject\venv\lib\site-packages\pymysql\connections.py", line 1156, in read
    first_packet = self.connection._read_packet()
  File "C:\Users\91528\PycharmProjects\flaskProject\venv\lib\site-packages\pymysql\connections.py", line 725, in _read_packet
    packet.raise_for_error()
  File "C:\Users\91528\PycharmProjects\flaskProject\venv\lib\site-packages\pymysql\protocol.py", line 221, in raise_for_error
    err.raise_mysql_exception(self._data)
  File "C:\Users\91528\PycharmProjects\flaskProject\venv\lib\site-packages\pymysql\err.py", line 143, in raise_mysql_exception
    raise errorclass(errno, errval)
sqlalchemy.exc.ProgrammingError: (pymysql.err.ProgrammingError) (1146, "Table 'authbase.SYUSER' doesn't exist")
[SQL: INSERT INTO `SYUSER` (`ID`, `CREATEDATETIME`, `UPDATEDATETIME`, `LOGINNAME`, `PWD`, `NAME`, `SEX`, `AGE`, `PHOTO`, `EMPLOYDATE`) VALUES (%(ID)s, %(CREATEDATETIME)s, %(UPDATEDATETIME)s, %(LOGINNAME)s, %(PWD)s, %(NAME)s, %(SEX)s, %(AGE)s, %(PHOTO)s, %(EMPLOYDATE)s)]
[parameters: {'ID': '1', 'CREATEDATETIME': datetime.datetime(2022, 12, 8, 10, 45, 47, 50572), 'UPDATEDATETIME': datetime.datetime(2022, 12, 8, 10, 45, 47, 50572), 'LOGINNAME': 'fuu', 'PWD': 'e10adc3949ba59abbe56e057f20f883e', 'NAME': '≥¨º∂π‹¿Ì‘±', 'SEX': '≈Æ', 'AGE': None, 'PHOTO': None, 'EMPLOYDATE': datetime.datetime(2022, 12, 8, 10, 45, 47, 50572)}]
(Background on this error at: https://sqlalche.me/e/14/f405)
INFO _internal.py:113 127.0.0.1 - - [08/Dec/2022 10:45:47] "[35m[1mGET /api/v1.0/index HTTP/1.1[0m" 500 -
INFO _internal.py:113  * Running on http://127.0.0.1:5000/ (Press CTRL+C to quit)
INFO _internal.py:113  * Running on http://127.0.0.1:5000/ (Press CTRL+C to quit)
ERROR app.py:1891 Exception on /api/v1.0/index [GET]
Traceback (most recent call last):
  File "C:\Users\91528\PycharmProjects\flaskProject\venv\lib\site-packages\sqlalchemy\engine\base.py", line 1771, in _execute_context
    self.dialect.do_execute(
  File "C:\Users\91528\PycharmProjects\flaskProject\venv\lib\site-packages\sqlalchemy\engine\default.py", line 717, in do_execute
    cursor.execute(statement, parameters)
  File "C:\Users\91528\PycharmProjects\flaskProject\venv\lib\site-packages\pymysql\cursors.py", line 148, in execute
    result = self._query(query)
  File "C:\Users\91528\PycharmProjects\flaskProject\venv\lib\site-packages\pymysql\cursors.py", line 310, in _query
    conn.query(q)
  File "C:\Users\91528\PycharmProjects\flaskProject\venv\lib\site-packages\pymysql\connections.py", line 548, in query
    self._affected_rows = self._read_query_result(unbuffered=unbuffered)
  File "C:\Users\91528\PycharmProjects\flaskProject\venv\lib\site-packages\pymysql\connections.py", line 775, in _read_query_result
    result.read()
  File "C:\Users\91528\PycharmProjects\flaskProject\venv\lib\site-packages\pymysql\connections.py", line 1156, in read
    first_packet = self.connection._read_packet()
  File "C:\Users\91528\PycharmProjects\flaskProject\venv\lib\site-packages\pymysql\connections.py", line 725, in _read_packet
    packet.raise_for_error()
  File "C:\Users\91528\PycharmProjects\flaskProject\venv\lib\site-packages\pymysql\protocol.py", line 221, in raise_for_error
    err.raise_mysql_exception(self._data)
  File "C:\Users\91528\PycharmProjects\flaskProject\venv\lib\site-packages\pymysql\err.py", line 143, in raise_mysql_exception
    raise errorclass(errno, errval)
pymysql.err.ProgrammingError: (1146, "Table 'authbase.SYUSER' doesn't exist")

The above exception was the direct cause of the following exception:

Traceback (most recent call last):
  File "C:\Users\91528\PycharmProjects\flaskProject\venv\lib\site-packages\flask\app.py", line 2447, in wsgi_app
    response = self.full_dispatch_request()
  File "C:\Users\91528\PycharmProjects\flaskProject\venv\lib\site-packages\flask\app.py", line 1952, in full_dispatch_request
    rv = self.handle_user_exception(e)
  File "C:\Users\91528\PycharmProjects\flaskProject\venv\lib\site-packages\flask\app.py", line 1821, in handle_user_exception
    reraise(exc_type, exc_value, tb)
  File "C:\Users\91528\PycharmProjects\flaskProject\venv\lib\site-packages\flask\_compat.py", line 39, in reraise
    raise value
  File "C:\Users\91528\PycharmProjects\flaskProject\venv\lib\site-packages\flask\app.py", line 1950, in full_dispatch_request
    rv = self.dispatch_request()
  File "C:\Users\91528\PycharmProjects\flaskProject\venv\lib\site-packages\flask\app.py", line 1936, in dispatch_request
    return self.view_functions[rule.endpoint](**req.view_args)
  File "C:\Users\91528\PycharmProjects\flaskProject\api_1_0\users.py", line 23, in index
    db.session.commit()
  File "<string>", line 2, in commit
  File "C:\Users\91528\PycharmProjects\flaskProject\venv\lib\site-packages\sqlalchemy\orm\session.py", line 1428, in commit
    self._transaction.commit(_to_root=self.future)
  File "C:\Users\91528\PycharmProjects\flaskProject\venv\lib\site-packages\sqlalchemy\orm\session.py", line 829, in commit
    self._prepare_impl()
  File "C:\Users\91528\PycharmProjects\flaskProject\venv\lib\site-packages\sqlalchemy\orm\session.py", line 808, in _prepare_impl
    self.session.flush()
  File "C:\Users\91528\PycharmProjects\flaskProject\venv\lib\site-packages\sqlalchemy\orm\session.py", line 3298, in flush
    self._flush(objects)
  File "C:\Users\91528\PycharmProjects\flaskProject\venv\lib\site-packages\sqlalchemy\orm\session.py", line 3438, in _flush
    transaction.rollback(_capture_exception=True)
  File "C:\Users\91528\PycharmProjects\flaskProject\venv\lib\site-packages\sqlalchemy\util\langhelpers.py", line 70, in __exit__
    compat.raise_(
  File "C:\Users\91528\PycharmProjects\flaskProject\venv\lib\site-packages\sqlalchemy\util\compat.py", line 207, in raise_
    raise exception
  File "C:\Users\91528\PycharmProjects\flaskProject\venv\lib\site-packages\sqlalchemy\orm\session.py", line 3398, in _flush
    flush_context.execute()
  File "C:\Users\91528\PycharmProjects\flaskProject\venv\lib\site-packages\sqlalchemy\orm\unitofwork.py", line 456, in execute
    rec.execute(self)
  File "C:\Users\91528\PycharmProjects\flaskProject\venv\lib\site-packages\sqlalchemy\orm\unitofwork.py", line 630, in execute
    util.preloaded.orm_persistence.save_obj(
  File "C:\Users\91528\PycharmProjects\flaskProject\venv\lib\site-packages\sqlalchemy\orm\persistence.py", line 242, in save_obj
    _emit_insert_statements(
  File "C:\Users\91528\PycharmProjects\flaskProject\venv\lib\site-packages\sqlalchemy\orm\persistence.py", line 1094, in _emit_insert_statements
    c = connection._execute_20(
  File "C:\Users\91528\PycharmProjects\flaskProject\venv\lib\site-packages\sqlalchemy\engine\base.py", line 1583, in _execute_20
    return meth(self, args_10style, kwargs_10style, execution_options)
  File "C:\Users\91528\PycharmProjects\flaskProject\venv\lib\site-packages\sqlalchemy\sql\elements.py", line 323, in _execute_on_connection
    return connection._execute_clauseelement(
  File "C:\Users\91528\PycharmProjects\flaskProject\venv\lib\site-packages\sqlalchemy\engine\base.py", line 1452, in _execute_clauseelement
    ret = self._execute_context(
  File "C:\Users\91528\PycharmProjects\flaskProject\venv\lib\site-packages\sqlalchemy\engine\base.py", line 1814, in _execute_context
    self._handle_dbapi_exception(
  File "C:\Users\91528\PycharmProjects\flaskProject\venv\lib\site-packages\sqlalchemy\engine\base.py", line 1995, in _handle_dbapi_exception
    util.raise_(
  File "C:\Users\91528\PycharmProjects\flaskProject\venv\lib\site-packages\sqlalchemy\util\compat.py", line 207, in raise_
    raise exception
  File "C:\Users\91528\PycharmProjects\flaskProject\venv\lib\site-packages\sqlalchemy\engine\base.py", line 1771, in _execute_context
    self.dialect.do_execute(
  File "C:\Users\91528\PycharmProjects\flaskProject\venv\lib\site-packages\sqlalchemy\engine\default.py", line 717, in do_execute
    cursor.execute(statement, parameters)
  File "C:\Users\91528\PycharmProjects\flaskProject\venv\lib\site-packages\pymysql\cursors.py", line 148, in execute
    result = self._query(query)
  File "C:\Users\91528\PycharmProjects\flaskProject\venv\lib\site-packages\pymysql\cursors.py", line 310, in _query
    conn.query(q)
  File "C:\Users\91528\PycharmProjects\flaskProject\venv\lib\site-packages\pymysql\connections.py", line 548, in query
    self._affected_rows = self._read_query_result(unbuffered=unbuffered)
  File "C:\Users\91528\PycharmProjects\flaskProject\venv\lib\site-packages\pymysql\connections.py", line 775, in _read_query_result
    result.read()
  File "C:\Users\91528\PycharmProjects\flaskProject\venv\lib\site-packages\pymysql\connections.py", line 1156, in read
    first_packet = self.connection._read_packet()
  File "C:\Users\91528\PycharmProjects\flaskProject\venv\lib\site-packages\pymysql\connections.py", line 725, in _read_packet
    packet.raise_for_error()
  File "C:\Users\91528\PycharmProjects\flaskProject\venv\lib\site-packages\pymysql\protocol.py", line 221, in raise_for_error
    err.raise_mysql_exception(self._data)
  File "C:\Users\91528\PycharmProjects\flaskProject\venv\lib\site-packages\pymysql\err.py", line 143, in raise_mysql_exception
    raise errorclass(errno, errval)
sqlalchemy.exc.ProgrammingError: (pymysql.err.ProgrammingError) (1146, "Table 'authbase.SYUSER' doesn't exist")
[SQL: INSERT INTO `SYUSER` (`ID`, `CREATEDATETIME`, `UPDATEDATETIME`, `LOGINNAME`, `PWD`, `NAME`, `SEX`, `AGE`, `PHOTO`, `EMPLOYDATE`) VALUES (%(ID)s, %(CREATEDATETIME)s, %(UPDATEDATETIME)s, %(LOGINNAME)s, %(PWD)s, %(NAME)s, %(SEX)s, %(AGE)s, %(PHOTO)s, %(EMPLOYDATE)s)]
[parameters: {'ID': '1', 'CREATEDATETIME': datetime.datetime(2022, 12, 8, 10, 51, 42, 897199), 'UPDATEDATETIME': datetime.datetime(2022, 12, 8, 10, 51, 42, 897199), 'LOGINNAME': 'fuu', 'PWD': None, 'NAME': '≥¨º∂π‹¿Ì‘±', 'SEX': '≈Æ', 'AGE': None, 'PHOTO': None, 'EMPLOYDATE': datetime.datetime(2022, 12, 8, 10, 51, 42, 897199)}]
(Background on this error at: https://sqlalche.me/e/14/f405)
INFO _internal.py:113 127.0.0.1 - - [08/Dec/2022 10:51:43] "[35m[1mGET /api/v1.0/index HTTP/1.1[0m" 500 -
INFO _internal.py:113  * Running on http://127.0.0.1:5000/ (Press CTRL+C to quit)
ERROR app.py:1891 Exception on /api/v1.0/index [GET]
Traceback (most recent call last):
  File "C:\Users\91528\PycharmProjects\flaskProject\venv\lib\site-packages\sqlalchemy\engine\base.py", line 1771, in _execute_context
    self.dialect.do_execute(
  File "C:\Users\91528\PycharmProjects\flaskProject\venv\lib\site-packages\sqlalchemy\engine\default.py", line 717, in do_execute
    cursor.execute(statement, parameters)
  File "C:\Users\91528\PycharmProjects\flaskProject\venv\lib\site-packages\pymysql\cursors.py", line 148, in execute
    result = self._query(query)
  File "C:\Users\91528\PycharmProjects\flaskProject\venv\lib\site-packages\pymysql\cursors.py", line 310, in _query
    conn.query(q)
  File "C:\Users\91528\PycharmProjects\flaskProject\venv\lib\site-packages\pymysql\connections.py", line 548, in query
    self._affected_rows = self._read_query_result(unbuffered=unbuffered)
  File "C:\Users\91528\PycharmProjects\flaskProject\venv\lib\site-packages\pymysql\connections.py", line 775, in _read_query_result
    result.read()
  File "C:\Users\91528\PycharmProjects\flaskProject\venv\lib\site-packages\pymysql\connections.py", line 1156, in read
    first_packet = self.connection._read_packet()
  File "C:\Users\91528\PycharmProjects\flaskProject\venv\lib\site-packages\pymysql\connections.py", line 725, in _read_packet
    packet.raise_for_error()
  File "C:\Users\91528\PycharmProjects\flaskProject\venv\lib\site-packages\pymysql\protocol.py", line 221, in raise_for_error
    err.raise_mysql_exception(self._data)
  File "C:\Users\91528\PycharmProjects\flaskProject\venv\lib\site-packages\pymysql\err.py", line 143, in raise_mysql_exception
    raise errorclass(errno, errval)
pymysql.err.ProgrammingError: (1146, "Table 'authbase.SYUSER' doesn't exist")

The above exception was the direct cause of the following exception:

Traceback (most recent call last):
  File "C:\Users\91528\PycharmProjects\flaskProject\venv\lib\site-packages\flask\app.py", line 2447, in wsgi_app
    response = self.full_dispatch_request()
  File "C:\Users\91528\PycharmProjects\flaskProject\venv\lib\site-packages\flask\app.py", line 1952, in full_dispatch_request
    rv = self.handle_user_exception(e)
  File "C:\Users\91528\PycharmProjects\flaskProject\venv\lib\site-packages\flask\app.py", line 1821, in handle_user_exception
    reraise(exc_type, exc_value, tb)
  File "C:\Users\91528\PycharmProjects\flaskProject\venv\lib\site-packages\flask\_compat.py", line 39, in reraise
    raise value
  File "C:\Users\91528\PycharmProjects\flaskProject\venv\lib\site-packages\flask\app.py", line 1950, in full_dispatch_request
    rv = self.dispatch_request()
  File "C:\Users\91528\PycharmProjects\flaskProject\venv\lib\site-packages\flask\app.py", line 1936, in dispatch_request
    return self.view_functions[rule.endpoint](**req.view_args)
  File "C:\Users\91528\PycharmProjects\flaskProject\api_1_0\users.py", line 23, in index
    db.session.commit()
  File "<string>", line 2, in commit
  File "C:\Users\91528\PycharmProjects\flaskProject\venv\lib\site-packages\sqlalchemy\orm\session.py", line 1428, in commit
    self._transaction.commit(_to_root=self.future)
  File "C:\Users\91528\PycharmProjects\flaskProject\venv\lib\site-packages\sqlalchemy\orm\session.py", line 829, in commit
    self._prepare_impl()
  File "C:\Users\91528\PycharmProjects\flaskProject\venv\lib\site-packages\sqlalchemy\orm\session.py", line 808, in _prepare_impl
    self.session.flush()
  File "C:\Users\91528\PycharmProjects\flaskProject\venv\lib\site-packages\sqlalchemy\orm\session.py", line 3298, in flush
    self._flush(objects)
  File "C:\Users\91528\PycharmProjects\flaskProject\venv\lib\site-packages\sqlalchemy\orm\session.py", line 3438, in _flush
    transaction.rollback(_capture_exception=True)
  File "C:\Users\91528\PycharmProjects\flaskProject\venv\lib\site-packages\sqlalchemy\util\langhelpers.py", line 70, in __exit__
    compat.raise_(
  File "C:\Users\91528\PycharmProjects\flaskProject\venv\lib\site-packages\sqlalchemy\util\compat.py", line 207, in raise_
    raise exception
  File "C:\Users\91528\PycharmProjects\flaskProject\venv\lib\site-packages\sqlalchemy\orm\session.py", line 3398, in _flush
    flush_context.execute()
  File "C:\Users\91528\PycharmProjects\flaskProject\venv\lib\site-packages\sqlalchemy\orm\unitofwork.py", line 456, in execute
    rec.execute(self)
  File "C:\Users\91528\PycharmProjects\flaskProject\venv\lib\site-packages\sqlalchemy\orm\unitofwork.py", line 630, in execute
    util.preloaded.orm_persistence.save_obj(
  File "C:\Users\91528\PycharmProjects\flaskProject\venv\lib\site-packages\sqlalchemy\orm\persistence.py", line 242, in save_obj
    _emit_insert_statements(
  File "C:\Users\91528\PycharmProjects\flaskProject\venv\lib\site-packages\sqlalchemy\orm\persistence.py", line 1094, in _emit_insert_statements
    c = connection._execute_20(
  File "C:\Users\91528\PycharmProjects\flaskProject\venv\lib\site-packages\sqlalchemy\engine\base.py", line 1583, in _execute_20
    return meth(self, args_10style, kwargs_10style, execution_options)
  File "C:\Users\91528\PycharmProjects\flaskProject\venv\lib\site-packages\sqlalchemy\sql\elements.py", line 323, in _execute_on_connection
    return connection._execute_clauseelement(
  File "C:\Users\91528\PycharmProjects\flaskProject\venv\lib\site-packages\sqlalchemy\engine\base.py", line 1452, in _execute_clauseelement
    ret = self._execute_context(
  File "C:\Users\91528\PycharmProjects\flaskProject\venv\lib\site-packages\sqlalchemy\engine\base.py", line 1814, in _execute_context
    self._handle_dbapi_exception(
  File "C:\Users\91528\PycharmProjects\flaskProject\venv\lib\site-packages\sqlalchemy\engine\base.py", line 1995, in _handle_dbapi_exception
    util.raise_(
  File "C:\Users\91528\PycharmProjects\flaskProject\venv\lib\site-packages\sqlalchemy\util\compat.py", line 207, in raise_
    raise exception
  File "C:\Users\91528\PycharmProjects\flaskProject\venv\lib\site-packages\sqlalchemy\engine\base.py", line 1771, in _execute_context
    self.dialect.do_execute(
  File "C:\Users\91528\PycharmProjects\flaskProject\venv\lib\site-packages\sqlalchemy\engine\default.py", line 717, in do_execute
    cursor.execute(statement, parameters)
  File "C:\Users\91528\PycharmProjects\flaskProject\venv\lib\site-packages\pymysql\cursors.py", line 148, in execute
    result = self._query(query)
  File "C:\Users\91528\PycharmProjects\flaskProject\venv\lib\site-packages\pymysql\cursors.py", line 310, in _query
    conn.query(q)
  File "C:\Users\91528\PycharmProjects\flaskProject\venv\lib\site-packages\pymysql\connections.py", line 548, in query
    self._affected_rows = self._read_query_result(unbuffered=unbuffered)
  File "C:\Users\91528\PycharmProjects\flaskProject\venv\lib\site-packages\pymysql\connections.py", line 775, in _read_query_result
    result.read()
  File "C:\Users\91528\PycharmProjects\flaskProject\venv\lib\site-packages\pymysql\connections.py", line 1156, in read
    first_packet = self.connection._read_packet()
  File "C:\Users\91528\PycharmProjects\flaskProject\venv\lib\site-packages\pymysql\connections.py", line 725, in _read_packet
    packet.raise_for_error()
  File "C:\Users\91528\PycharmProjects\flaskProject\venv\lib\site-packages\pymysql\protocol.py", line 221, in raise_for_error
    err.raise_mysql_exception(self._data)
  File "C:\Users\91528\PycharmProjects\flaskProject\venv\lib\site-packages\pymysql\err.py", line 143, in raise_mysql_exception
    raise errorclass(errno, errval)
sqlalchemy.exc.ProgrammingError: (pymysql.err.ProgrammingError) (1146, "Table 'authbase.SYUSER' doesn't exist")
[SQL: INSERT INTO `SYUSER` (`ID`, `CREATEDATETIME`, `UPDATEDATETIME`, `LOGINNAME`, `NAME`, `SEX`, `AGE`, `PHOTO`, `EMPLOYDATE`) VALUES (%(ID)s, %(CREATEDATETIME)s, %(UPDATEDATETIME)s, %(LOGINNAME)s, %(NAME)s, %(SEX)s, %(AGE)s, %(PHOTO)s, %(EMPLOYDATE)s)]
[parameters: {'ID': '1', 'CREATEDATETIME': datetime.datetime(2022, 12, 8, 10, 53, 37, 26084), 'UPDATEDATETIME': datetime.datetime(2022, 12, 8, 10, 53, 37, 26084), 'LOGINNAME': 'fuu', 'NAME': '≥¨º∂π‹¿Ì‘±', 'SEX': '≈Æ', 'AGE': None, 'PHOTO': None, 'EMPLOYDATE': datetime.datetime(2022, 12, 8, 10, 53, 37, 26084)}]
(Background on this error at: https://sqlalche.me/e/14/f405)
INFO _internal.py:113 127.0.0.1 - - [08/Dec/2022 10:53:37] "[35m[1mGET /api/v1.0/index HTTP/1.1[0m" 500 -
INFO _internal.py:113  * Running on http://127.0.0.1:5000/ (Press CTRL+C to quit)
ERROR app.py:1891 Exception on /api/v1.0/index [GET]
Traceback (most recent call last):
  File "C:\Users\91528\PycharmProjects\flaskProject\venv\lib\site-packages\sqlalchemy\engine\base.py", line 1771, in _execute_context
    self.dialect.do_execute(
  File "C:\Users\91528\PycharmProjects\flaskProject\venv\lib\site-packages\sqlalchemy\engine\default.py", line 717, in do_execute
    cursor.execute(statement, parameters)
  File "C:\Users\91528\PycharmProjects\flaskProject\venv\lib\site-packages\pymysql\cursors.py", line 148, in execute
    result = self._query(query)
  File "C:\Users\91528\PycharmProjects\flaskProject\venv\lib\site-packages\pymysql\cursors.py", line 310, in _query
    conn.query(q)
  File "C:\Users\91528\PycharmProjects\flaskProject\venv\lib\site-packages\pymysql\connections.py", line 548, in query
    self._affected_rows = self._read_query_result(unbuffered=unbuffered)
  File "C:\Users\91528\PycharmProjects\flaskProject\venv\lib\site-packages\pymysql\connections.py", line 775, in _read_query_result
    result.read()
  File "C:\Users\91528\PycharmProjects\flaskProject\venv\lib\site-packages\pymysql\connections.py", line 1156, in read
    first_packet = self.connection._read_packet()
  File "C:\Users\91528\PycharmProjects\flaskProject\venv\lib\site-packages\pymysql\connections.py", line 725, in _read_packet
    packet.raise_for_error()
  File "C:\Users\91528\PycharmProjects\flaskProject\venv\lib\site-packages\pymysql\protocol.py", line 221, in raise_for_error
    err.raise_mysql_exception(self._data)
  File "C:\Users\91528\PycharmProjects\flaskProject\venv\lib\site-packages\pymysql\err.py", line 143, in raise_mysql_exception
    raise errorclass(errno, errval)
pymysql.err.ProgrammingError: (1146, "Table 'authbase.SYUSER' doesn't exist")

The above exception was the direct cause of the following exception:

Traceback (most recent call last):
  File "C:\Users\91528\PycharmProjects\flaskProject\venv\lib\site-packages\flask\app.py", line 2447, in wsgi_app
    response = self.full_dispatch_request()
  File "C:\Users\91528\PycharmProjects\flaskProject\venv\lib\site-packages\flask\app.py", line 1952, in full_dispatch_request
    rv = self.handle_user_exception(e)
  File "C:\Users\91528\PycharmProjects\flaskProject\venv\lib\site-packages\flask\app.py", line 1821, in handle_user_exception
    reraise(exc_type, exc_value, tb)
  File "C:\Users\91528\PycharmProjects\flaskProject\venv\lib\site-packages\flask\_compat.py", line 39, in reraise
    raise value
  File "C:\Users\91528\PycharmProjects\flaskProject\venv\lib\site-packages\flask\app.py", line 1950, in full_dispatch_request
    rv = self.dispatch_request()
  File "C:\Users\91528\PycharmProjects\flaskProject\venv\lib\site-packages\flask\app.py", line 1936, in dispatch_request
    return self.view_functions[rule.endpoint](**req.view_args)
  File "C:\Users\91528\PycharmProjects\flaskProject\api_1_0\users.py", line 7, in index
    user = User.query.all()
  File "C:\Users\91528\PycharmProjects\flaskProject\venv\lib\site-packages\sqlalchemy\orm\query.py", line 2711, in all
    return self._iter().all()
  File "C:\Users\91528\PycharmProjects\flaskProject\venv\lib\site-packages\sqlalchemy\orm\query.py", line 2846, in _iter
    result = self.session.execute(
  File "C:\Users\91528\PycharmProjects\flaskProject\venv\lib\site-packages\sqlalchemy\orm\session.py", line 1689, in execute
    result = conn._execute_20(statement, params or {}, execution_options)
  File "C:\Users\91528\PycharmProjects\flaskProject\venv\lib\site-packages\sqlalchemy\engine\base.py", line 1583, in _execute_20
    return meth(self, args_10style, kwargs_10style, execution_options)
  File "C:\Users\91528\PycharmProjects\flaskProject\venv\lib\site-packages\sqlalchemy\sql\elements.py", line 323, in _execute_on_connection
    return connection._execute_clauseelement(
  File "C:\Users\91528\PycharmProjects\flaskProject\venv\lib\site-packages\sqlalchemy\engine\base.py", line 1452, in _execute_clauseelement
    ret = self._execute_context(
  File "C:\Users\91528\PycharmProjects\flaskProject\venv\lib\site-packages\sqlalchemy\engine\base.py", line 1814, in _execute_context
    self._handle_dbapi_exception(
  File "C:\Users\91528\PycharmProjects\flaskProject\venv\lib\site-packages\sqlalchemy\engine\base.py", line 1995, in _handle_dbapi_exception
    util.raise_(
  File "C:\Users\91528\PycharmProjects\flaskProject\venv\lib\site-packages\sqlalchemy\util\compat.py", line 207, in raise_
    raise exception
  File "C:\Users\91528\PycharmProjects\flaskProject\venv\lib\site-packages\sqlalchemy\engine\base.py", line 1771, in _execute_context
    self.dialect.do_execute(
  File "C:\Users\91528\PycharmProjects\flaskProject\venv\lib\site-packages\sqlalchemy\engine\default.py", line 717, in do_execute
    cursor.execute(statement, parameters)
  File "C:\Users\91528\PycharmProjects\flaskProject\venv\lib\site-packages\pymysql\cursors.py", line 148, in execute
    result = self._query(query)
  File "C:\Users\91528\PycharmProjects\flaskProject\venv\lib\site-packages\pymysql\cursors.py", line 310, in _query
    conn.query(q)
  File "C:\Users\91528\PycharmProjects\flaskProject\venv\lib\site-packages\pymysql\connections.py", line 548, in query
    self._affected_rows = self._read_query_result(unbuffered=unbuffered)
  File "C:\Users\91528\PycharmProjects\flaskProject\venv\lib\site-packages\pymysql\connections.py", line 775, in _read_query_result
    result.read()
  File "C:\Users\91528\PycharmProjects\flaskProject\venv\lib\site-packages\pymysql\connections.py", line 1156, in read
    first_packet = self.connection._read_packet()
  File "C:\Users\91528\PycharmProjects\flaskProject\venv\lib\site-packages\pymysql\connections.py", line 725, in _read_packet
    packet.raise_for_error()
  File "C:\Users\91528\PycharmProjects\flaskProject\venv\lib\site-packages\pymysql\protocol.py", line 221, in raise_for_error
    err.raise_mysql_exception(self._data)
  File "C:\Users\91528\PycharmProjects\flaskProject\venv\lib\site-packages\pymysql\err.py", line 143, in raise_mysql_exception
    raise errorclass(errno, errval)
sqlalchemy.exc.ProgrammingError: (pymysql.err.ProgrammingError) (1146, "Table 'authbase.SYUSER' doesn't exist")
[SQL: SELECT `SYUSER`.`ID` AS `SYUSER_ID`, `SYUSER`.`CREATEDATETIME` AS `SYUSER_CREATEDATETIME`, `SYUSER`.`UPDATEDATETIME` AS `SYUSER_UPDATEDATETIME`, `SYUSER`.`LOGINNAME` AS `SYUSER_LOGINNAME`, `SYUSER`.`NAME` AS `SYUSER_NAME`, `SYUSER`.`SEX` AS `SYUSER_SEX`, `SYUSER`.`AGE` AS `SYUSER_AGE`, `SYUSER`.`PHOTO` AS `SYUSER_PHOTO`, `SYUSER`.`EMPLOYDATE` AS `SYUSER_EMPLOYDATE` 
FROM `SYUSER`]
(Background on this error at: https://sqlalche.me/e/14/f405)
INFO _internal.py:113 127.0.0.1 - - [08/Dec/2022 10:56:39] "[35m[1mGET /api/v1.0/index HTTP/1.1[0m" 500 -
INFO _internal.py:113  * Running on http://127.0.0.1:5000/ (Press CTRL+C to quit)
ERROR app.py:1891 Exception on /api/v1.0/index [GET]
Traceback (most recent call last):
  File "C:\Users\91528\PycharmProjects\flaskProject\venv\lib\site-packages\sqlalchemy\orm\relationships.py", line 2736, in _determine_joins
    self.primaryjoin = join_condition(
  File "<string>", line 2, in join_condition
  File "C:\Users\91528\PycharmProjects\flaskProject\venv\lib\site-packages\sqlalchemy\sql\selectable.py", line 1196, in _join_condition
    raise exc.NoForeignKeysError(
sqlalchemy.exc.NoForeignKeysError: Can't find any foreign key relationships between 'syuser' and 'SYUSER_SYORGANIZATION'.

The above exception was the direct cause of the following exception:

Traceback (most recent call last):
  File "C:\Users\91528\PycharmProjects\flaskProject\venv\lib\site-packages\flask\app.py", line 2447, in wsgi_app
    response = self.full_dispatch_request()
  File "C:\Users\91528\PycharmProjects\flaskProject\venv\lib\site-packages\flask\app.py", line 1952, in full_dispatch_request
    rv = self.handle_user_exception(e)
  File "C:\Users\91528\PycharmProjects\flaskProject\venv\lib\site-packages\flask\app.py", line 1821, in handle_user_exception
    reraise(exc_type, exc_value, tb)
  File "C:\Users\91528\PycharmProjects\flaskProject\venv\lib\site-packages\flask\_compat.py", line 39, in reraise
    raise value
  File "C:\Users\91528\PycharmProjects\flaskProject\venv\lib\site-packages\flask\app.py", line 1950, in full_dispatch_request
    rv = self.dispatch_request()
  File "C:\Users\91528\PycharmProjects\flaskProject\venv\lib\site-packages\flask\app.py", line 1936, in dispatch_request
    return self.view_functions[rule.endpoint](**req.view_args)
  File "C:\Users\91528\PycharmProjects\flaskProject\api_1_0\users.py", line 7, in index
    user = User.query.all()
  File "C:\Users\91528\PycharmProjects\flaskProject\venv\lib\site-packages\flask_sqlalchemy\__init__.py", line 550, in __get__
    mapper = orm.class_mapper(type)
  File "C:\Users\91528\PycharmProjects\flaskProject\venv\lib\site-packages\sqlalchemy\orm\base.py", line 442, in class_mapper
    mapper = _inspect_mapped_class(class_, configure=configure)
  File "C:\Users\91528\PycharmProjects\flaskProject\venv\lib\site-packages\sqlalchemy\orm\base.py", line 421, in _inspect_mapped_class
    mapper._check_configure()
  File "C:\Users\91528\PycharmProjects\flaskProject\venv\lib\site-packages\sqlalchemy\orm\mapper.py", line 1873, in _check_configure
    _configure_registries({self.registry}, cascade=True)
  File "C:\Users\91528\PycharmProjects\flaskProject\venv\lib\site-packages\sqlalchemy\orm\mapper.py", line 3380, in _configure_registries
    _do_configure_registries(registries, cascade)
  File "C:\Users\91528\PycharmProjects\flaskProject\venv\lib\site-packages\sqlalchemy\orm\mapper.py", line 3419, in _do_configure_registries
    mapper._post_configure_properties()
  File "C:\Users\91528\PycharmProjects\flaskProject\venv\lib\site-packages\sqlalchemy\orm\mapper.py", line 1890, in _post_configure_properties
    prop.init()
  File "C:\Users\91528\PycharmProjects\flaskProject\venv\lib\site-packages\sqlalchemy\orm\interfaces.py", line 222, in init
    self.do_init()
  File "C:\Users\91528\PycharmProjects\flaskProject\venv\lib\site-packages\sqlalchemy\orm\relationships.py", line 2142, in do_init
    self._setup_join_conditions()
  File "C:\Users\91528\PycharmProjects\flaskProject\venv\lib\site-packages\sqlalchemy\orm\relationships.py", line 2238, in _setup_join_conditions
    self._join_condition = jc = JoinCondition(
  File "C:\Users\91528\PycharmProjects\flaskProject\venv\lib\site-packages\sqlalchemy\orm\relationships.py", line 2633, in __init__
    self._determine_joins()
  File "C:\Users\91528\PycharmProjects\flaskProject\venv\lib\site-packages\sqlalchemy\orm\relationships.py", line 2752, in _determine_joins
    util.raise_(
  File "C:\Users\91528\PycharmProjects\flaskProject\venv\lib\site-packages\sqlalchemy\util\compat.py", line 207, in raise_
    raise exception
sqlalchemy.exc.NoForeignKeysError: Could not determine join condition between parent/child tables on relationship User.organizations - there are no foreign keys linking these tables via secondary table 'SYUSER_SYORGANIZATION'.  Ensure that referencing columns are associated with a ForeignKey or ForeignKeyConstraint, or specify 'primaryjoin' and 'secondaryjoin' expressions.
INFO _internal.py:113 127.0.0.1 - - [08/Dec/2022 11:09:15] "[35m[1mGET /api/v1.0/index HTTP/1.1[0m" 500 -
INFO _internal.py:113  * Running on http://127.0.0.1:5000/ (Press CTRL+C to quit)
INFO _internal.py:113 127.0.0.1 - - [08/Dec/2022 11:16:10] "[37mGET /api/v1.0/index HTTP/1.1[0m" 200 -
INFO _internal.py:113  * Running on http://127.0.0.1:5000/ (Press CTRL+C to quit)
INFO _internal.py:113 127.0.0.1 - - [08/Dec/2022 15:07:17] "[33mPOST /user/register HTTP/1.1[0m" 404 -
INFO _internal.py:113  * Running on http://127.0.0.1:5000/ (Press CTRL+C to quit)
INFO _internal.py:113  * Running on http://127.0.0.1:5000/ (Press CTRL+C to quit)
INFO _internal.py:113  * Running on http://127.0.0.1:5000/ (Press CTRL+C to quit)
INFO _internal.py:113  * Running on http://127.0.0.1:5000/ (Press CTRL+C to quit)
INFO _internal.py:113  * Running on http://127.0.0.1:5000/ (Press CTRL+C to quit)
INFO _internal.py:113  * Running on http://127.0.0.1:5000/ (Press CTRL+C to quit)
INFO _internal.py:113  * Detected change in 'C:\\Users\\91528\\PycharmProjects\\flaskProject\\api_1_0\\users.py', reloading
INFO _internal.py:113  * Restarting with stat
INFO _internal.py:113  * Detected change in 'C:\\Users\\91528\\PycharmProjects\\flaskProject\\api_1_0\\users.py', reloading
INFO _internal.py:113  * Restarting with stat
INFO _internal.py:113  * Detected change in 'C:\\Users\\91528\\PycharmProjects\\flaskProject\\models\\User.py', reloading
INFO _internal.py:113  * Restarting with stat
INFO _internal.py:113  * Detected change in 'C:\\Users\\91528\\PycharmProjects\\flaskProject\\models\\User.py', reloading
INFO _internal.py:113  * Restarting with stat
INFO _internal.py:113  * Detected change in 'C:\\Users\\91528\\PycharmProjects\\flaskProject\\models\\User.py', reloading
INFO _internal.py:113  * Restarting with stat
INFO _internal.py:113  * Detected change in 'C:\\Users\\91528\\PycharmProjects\\flaskProject\\models\\User.py', reloading
INFO _internal.py:113  * Restarting with stat
INFO _internal.py:113  * Detected change in 'C:\\Users\\91528\\PycharmProjects\\flaskProject\\api_1_0\\users.py', reloading
INFO _internal.py:113  * Restarting with stat
INFO _internal.py:113 127.0.0.1 - - [08/Dec/2022 16:01:57] "[35m[1mPOST /user/register HTTP/1.1[0m" 500 -
INFO _internal.py:113 127.0.0.1 - - [08/Dec/2022 16:02:43] "[35m[1mPOST /user/register HTTP/1.1[0m" 500 -
INFO _internal.py:113 127.0.0.1 - - [09/Dec/2022 09:56:17] "[35m[1mPOST /user/register HTTP/1.1[0m" 500 -
INFO _internal.py:113  * Detected change in 'C:\\Users\\91528\\PycharmProjects\\flaskProject\\api_1_0\\__init__.py', reloading
INFO _internal.py:113  * Restarting with stat
INFO csrf.py:259 The CSRF token is missing.
INFO _internal.py:113 127.0.0.1 - - [09/Dec/2022 09:59:34] "[31m[1mPOST /user/register HTTP/1.1[0m" 400 -
INFO csrf.py:259 The CSRF token is missing.
INFO _internal.py:113 127.0.0.1 - - [09/Dec/2022 10:03:59] "[31m[1mPOST /user/register HTTP/1.1[0m" 400 -
INFO _internal.py:113  * Detected change in 'C:\\Users\\91528\\PycharmProjects\\flaskProject\\api_1_0\\users.py', reloading
INFO _internal.py:113  * Restarting with stat
INFO csrf.py:259 The CSRF token is missing.
INFO _internal.py:113 127.0.0.1 - - [09/Dec/2022 10:05:20] "[31m[1mPOST /user/register HTTP/1.1[0m" 400 -
INFO _internal.py:113  * Detected change in 'C:\\Users\\91528\\PycharmProjects\\flaskProject\\config.py', reloading
INFO _internal.py:113  * Restarting with stat
INFO csrf.py:259 The CSRF token is missing.
INFO _internal.py:113 127.0.0.1 - - [09/Dec/2022 10:06:37] "[31m[1mPOST /user/register HTTP/1.1[0m" 400 -
INFO _internal.py:113  * Detected change in 'C:\\Users\\91528\\PycharmProjects\\flaskProject\\config.py', reloading
INFO _internal.py:113  * Restarting with stat
INFO csrf.py:259 The CSRF token is missing.
INFO _internal.py:113 127.0.0.1 - - [09/Dec/2022 10:07:58] "[31m[1mPOST /user/register HTTP/1.1[0m" 400 -
INFO _internal.py:113  * Detected change in 'C:\\Users\\91528\\PycharmProjects\\flaskProject\\config.py', reloading
INFO _internal.py:113  * Restarting with stat
INFO _internal.py:113 127.0.0.1 - - [09/Dec/2022 10:10:28] "[37mPOST /user/register HTTP/1.1[0m" 200 -
INFO _internal.py:113  * Detected change in 'C:\\Users\\91528\\PycharmProjects\\flaskProject\\api_1_0\\users.py', reloading
INFO _internal.py:113  * Restarting with stat
INFO _internal.py:113 127.0.0.1 - - [10/Dec/2022 13:50:50] "[37mPOST /user/register HTTP/1.1[0m" 200 -
INFO _internal.py:113  * Detected change in 'C:\\Users\\91528\\PycharmProjects\\flaskProject\\api_1_0\\users.py', reloading
INFO _internal.py:113  * Restarting with stat
INFO _internal.py:113 127.0.0.1 - - [10/Dec/2022 13:56:58] "[35m[1mPOST /user/register HTTP/1.1[0m" 500 -
INFO _internal.py:113 127.0.0.1 - - [10/Dec/2022 13:58:00] "[37mPOST /user/register HTTP/1.1[0m" 200 -
INFO _internal.py:113  * Detected change in 'C:\\Users\\91528\\PycharmProjects\\flaskProject\\api_1_0\\users.py', reloading
INFO _internal.py:113  * Restarting with stat
INFO _internal.py:113 127.0.0.1 - - [10/Dec/2022 14:02:11] "[35m[1mPOST /user/register HTTP/1.1[0m" 500 -
INFO _internal.py:113 127.0.0.1 - - [10/Dec/2022 14:04:00] "[37mPOST /user/register HTTP/1.1[0m" 200 -
INFO _internal.py:113 127.0.0.1 - - [10/Dec/2022 14:04:22] "[37mPOST /user/register HTTP/1.1[0m" 200 -
INFO _internal.py:113  * Detected change in 'C:\\Users\\91528\\PycharmProjects\\flaskProject\\api_1_0\\users.py', reloading
INFO _internal.py:113  * Restarting with stat
INFO _internal.py:113 127.0.0.1 - - [10/Dec/2022 14:05:15] "[37mPOST /user/register HTTP/1.1[0m" 200 -
INFO _internal.py:113  * Detected change in 'C:\\Users\\91528\\PycharmProjects\\flaskProject\\api_1_0\\users.py', reloading
INFO _internal.py:113  * Restarting with stat
INFO _internal.py:113 127.0.0.1 - - [10/Dec/2022 14:06:14] "[37mPOST /user/register HTTP/1.1[0m" 200 -
INFO _internal.py:113  * Detected change in 'C:\\Users\\91528\\PycharmProjects\\flaskProject\\api_1_0\\users.py', reloading
INFO _internal.py:113  * Restarting with stat
INFO _internal.py:113 127.0.0.1 - - [10/Dec/2022 14:08:27] "[37mPOST /user/register HTTP/1.1[0m" 200 -
INFO _internal.py:113  * Detected change in 'C:\\Users\\91528\\PycharmProjects\\flaskProject\\api_1_0\\users.py', reloading
INFO _internal.py:113  * Restarting with stat
INFO _internal.py:113 127.0.0.1 - - [10/Dec/2022 14:08:48] "[37mPOST /user/register HTTP/1.1[0m" 200 -
INFO _internal.py:113  * Detected change in 'C:\\Users\\91528\\PycharmProjects\\flaskProject\\api_1_0\\users.py', reloading
INFO _internal.py:113  * Restarting with stat
INFO _internal.py:113  * Detected change in 'C:\\Users\\91528\\PycharmProjects\\flaskProject\\api_1_0\\users.py', reloading
INFO _internal.py:113  * Restarting with stat
INFO _internal.py:113 127.0.0.1 - - [10/Dec/2022 14:09:56] "[35m[1mPOST /user/register HTTP/1.1[0m" 500 -
INFO _internal.py:113  * Detected change in 'C:\\Users\\91528\\PycharmProjects\\flaskProject\\api_1_0\\users.py', reloading
INFO _internal.py:113  * Restarting with stat
INFO _internal.py:113  * Detected change in 'C:\\Users\\91528\\PycharmProjects\\flaskProject\\models\\User.py', reloading
INFO _internal.py:113  * Restarting with stat
INFO _internal.py:113 127.0.0.1 - - [10/Dec/2022 14:12:23] "[35m[1mPOST /user/register HTTP/1.1[0m" 500 -
INFO _internal.py:113 127.0.0.1 - - [10/Dec/2022 14:13:25] "[37mPOST /user/register HTTP/1.1[0m" 200 -
INFO _internal.py:113 127.0.0.1 - - [10/Dec/2022 14:21:02] "[37mPOST /user/register HTTP/1.1[0m" 200 -
INFO _internal.py:113 127.0.0.1 - - [10/Dec/2022 14:24:30] "[37mPOST /user/register HTTP/1.1[0m" 200 -
INFO _internal.py:113 127.0.0.1 - - [10/Dec/2022 15:41:11] "[33mGET /indexImgs HTTP/1.1[0m" 404 -
INFO _internal.py:113 127.0.0.1 - - [10/Dec/2022 15:41:11] "[33mGET /shop/notice/topNoticeList HTTP/1.1[0m" 404 -
INFO _internal.py:113 127.0.0.1 - - [10/Dec/2022 15:41:11] "[33mGET /prod/tag/prodTagList HTTP/1.1[0m" 404 -
INFO _internal.py:113 127.0.0.1 - - [10/Dec/2022 15:58:40] "[33mPOST /user/login HTTP/1.1[0m" 404 -
INFO _internal.py:113  * Detected change in 'C:\\Users\\91528\\PycharmProjects\\flaskProject\\api_1_0\\users.py', reloading
INFO _internal.py:113  * Restarting with stat
INFO _internal.py:113  * Detected change in 'C:\\Users\\91528\\PycharmProjects\\flaskProject\\api_1_0\\users.py', reloading
INFO _internal.py:113  * Restarting with stat
INFO _internal.py:113  * Detected change in 'C:\\Users\\91528\\PycharmProjects\\flaskProject\\api_1_0\\users.py', reloading
INFO _internal.py:113  * Restarting with stat
INFO _internal.py:113  * Detected change in 'C:\\Users\\91528\\PycharmProjects\\flaskProject\\api_1_0\\users.py', reloading
INFO _internal.py:113  * Restarting with stat
INFO _internal.py:113  * Detected change in 'C:\\Users\\91528\\PycharmProjects\\flaskProject\\api_1_0\\users.py', reloading
INFO _internal.py:113  * Restarting with stat
INFO _internal.py:113  * Detected change in 'C:\\Users\\91528\\PycharmProjects\\flaskProject\\api_1_0\\users.py', reloading
INFO _internal.py:113  * Restarting with stat
INFO _internal.py:113 127.0.0.1 - - [10/Dec/2022 16:14:40] "[35m[1mPOST /user/login HTTP/1.1[0m" 500 -
INFO _internal.py:113 127.0.0.1 - - [10/Dec/2022 16:15:34] "[35m[1mPOST /user/login HTTP/1.1[0m" 500 -
INFO _internal.py:113  * Detected change in 'C:\\Users\\91528\\PycharmProjects\\flaskProject\\api_1_0\\users.py', reloading
INFO _internal.py:113  * Restarting with stat
INFO _internal.py:113  * Detected change in 'C:\\Users\\91528\\PycharmProjects\\flaskProject\\api_1_0\\users.py', reloading
INFO _internal.py:113  * Restarting with stat
INFO _internal.py:113 127.0.0.1 - - [10/Dec/2022 16:16:53] "[37mPOST /user/login HTTP/1.1[0m" 200 -
INFO _internal.py:113 127.0.0.1 - - [10/Dec/2022 16:16:54] "[33mGET /indexImgs HTTP/1.1[0m" 404 -
INFO _internal.py:113 127.0.0.1 - - [10/Dec/2022 16:16:54] "[33mGET /shop/notice/topNoticeList HTTP/1.1[0m" 404 -
INFO _internal.py:113 127.0.0.1 - - [10/Dec/2022 16:16:54] "[33mGET /prod/tag/prodTagList HTTP/1.1[0m" 404 -
INFO _internal.py:113 127.0.0.1 - - [10/Dec/2022 16:19:16] "[37mPOST /user/login HTTP/1.1[0m" 200 -
INFO _internal.py:113 127.0.0.1 - - [10/Dec/2022 16:19:17] "[33mGET /indexImgs HTTP/1.1[0m" 404 -
INFO _internal.py:113 127.0.0.1 - - [10/Dec/2022 16:19:17] "[33mGET /shop/notice/topNoticeList HTTP/1.1[0m" 404 -
INFO _internal.py:113 127.0.0.1 - - [10/Dec/2022 16:19:17] "[33mGET /prod/tag/prodTagList HTTP/1.1[0m" 404 -
INFO _internal.py:113 127.0.0.1 - - [10/Dec/2022 16:20:59] "[37mPOST /user/login HTTP/1.1[0m" 200 -
INFO _internal.py:113 127.0.0.1 - - [10/Dec/2022 16:22:22] "[37mPOST /user/login HTTP/1.1[0m" 200 -
INFO _internal.py:113 127.0.0.1 - - [11/Dec/2022 09:05:46] "[37mPOST /user/login HTTP/1.1[0m" 200 -
INFO _internal.py:113  * Detected change in 'C:\\Users\\91528\\PycharmProjects\\flaskProject\\api_1_0\\users.py', reloading
INFO _internal.py:113  * Restarting with stat
INFO _internal.py:113 127.0.0.1 - - [11/Dec/2022 09:10:29] "[37mPOST /user/login HTTP/1.1[0m" 200 -
INFO _internal.py:113 127.0.0.1 - - [11/Dec/2022 09:11:53] "[37mPOST /user/register HTTP/1.1[0m" 200 -
INFO _internal.py:113 127.0.0.1 - - [11/Dec/2022 09:11:57] "[37mPOST /user/register HTTP/1.1[0m" 200 -
INFO _internal.py:113 127.0.0.1 - - [11/Dec/2022 09:12:03] "[37mPOST /user/register HTTP/1.1[0m" 200 -
INFO _internal.py:113 127.0.0.1 - - [11/Dec/2022 09:12:15] "[37mPOST /user/login HTTP/1.1[0m" 200 -
INFO _internal.py:113  * Detected change in 'C:\\Users\\91528\\PycharmProjects\\flaskProject\\api_1_0\\users.py', reloading
INFO _internal.py:113  * Restarting with stat
INFO _internal.py:113 127.0.0.1 - - [11/Dec/2022 09:18:31] "[37mPOST /user/login HTTP/1.1[0m" 200 -
INFO _internal.py:113  * Detected change in 'C:\\Users\\91528\\PycharmProjects\\flaskProject\\api_1_0\\users.py', reloading
INFO _internal.py:113  * Restarting with stat
INFO _internal.py:113 127.0.0.1 - - [11/Dec/2022 09:19:11] "[37mPOST /user/login HTTP/1.1[0m" 200 -
INFO _internal.py:113 127.0.0.1 - - [11/Dec/2022 09:20:40] "[37mPOST /user/register HTTP/1.1[0m" 200 -
INFO _internal.py:113 127.0.0.1 - - [11/Dec/2022 09:21:12] "[37mPOST /user/login HTTP/1.1[0m" 200 -
INFO _internal.py:113 127.0.0.1 - - [11/Dec/2022 09:21:24] "[37mPOST /user/login HTTP/1.1[0m" 200 -
INFO _internal.py:113 127.0.0.1 - - [11/Dec/2022 09:38:49] "[37mPOST /user/register HTTP/1.1[0m" 200 -
INFO _internal.py:113 127.0.0.1 - - [11/Dec/2022 09:39:05] "[37mPOST /user/register HTTP/1.1[0m" 200 -
INFO _internal.py:113 127.0.0.1 - - [11/Dec/2022 09:39:15] "[35m[1mPOST /user/login HTTP/1.1[0m" 500 -
ERROR __init__.py:98 Error: Directory migrations already exists and is not empty
INFO _internal.py:113 127.0.0.1 - - [11/Dec/2022 10:10:30] "[35m[1mPOST /user/login HTTP/1.1[0m" 500 -
INFO _internal.py:113 127.0.0.1 - - [11/Dec/2022 10:11:19] "[35m[1mPOST /user/register HTTP/1.1[0m" 500 -
INFO _internal.py:113  * Detected change in 'C:\\Users\\91528\\PycharmProjects\\flaskProject\\api_1_0\\users.py', reloading
INFO _internal.py:113  * Restarting with stat
INFO _internal.py:113 127.0.0.1 - - [11/Dec/2022 10:12:35] "[35m[1mPOST /user/register HTTP/1.1[0m" 500 -
INFO _internal.py:113  * Detected change in 'C:\\Users\\91528\\PycharmProjects\\flaskProject\\api_1_0\\users.py', reloading
INFO _internal.py:113  * Restarting with stat
INFO _internal.py:113 127.0.0.1 - - [11/Dec/2022 10:12:59] "[37mPOST /user/register HTTP/1.1[0m" 200 -
INFO _internal.py:113 127.0.0.1 - - [11/Dec/2022 10:13:08] "[35m[1mPOST /user/login HTTP/1.1[0m" 500 -
INFO _internal.py:113  * Detected change in 'C:\\Users\\91528\\PycharmProjects\\flaskProject\\config.py', reloading
INFO _internal.py:113  * Restarting with stat
INFO _internal.py:113 127.0.0.1 - - [11/Dec/2022 10:30:25] "[35m[1mPOST /user/login HTTP/1.1[0m" 500 -
INFO _internal.py:113  * Detected change in 'C:\\Users\\91528\\PycharmProjects\\flaskProject\\config.py', reloading
INFO _internal.py:113  * Restarting with stat
INFO _internal.py:113 127.0.0.1 - - [11/Dec/2022 10:32:29] "[35m[1mPOST /user/login HTTP/1.1[0m" 500 -
INFO _internal.py:113  * Detected change in 'C:\\Users\\91528\\PycharmProjects\\flaskProject\\config.py', reloading
INFO _internal.py:113  * Restarting with stat
INFO _internal.py:113 127.0.0.1 - - [11/Dec/2022 10:35:17] "[35m[1mPOST /user/login HTTP/1.1[0m" 500 -
INFO _internal.py:113 127.0.0.1 - - [11/Dec/2022 10:36:32] "[35m[1mPOST /user/login HTTP/1.1[0m" 500 -
INFO _internal.py:113  * Detected change in 'C:\\Users\\91528\\PycharmProjects\\flaskProject\\config.py', reloading
INFO _internal.py:113  * Restarting with stat
INFO _internal.py:113 127.0.0.1 - - [11/Dec/2022 10:40:09] "[35m[1mPOST /user/login HTTP/1.1[0m" 500 -
INFO _internal.py:113  * Detected change in 'C:\\Users\\91528\\PycharmProjects\\flaskProject\\config.py', reloading
INFO _internal.py:113  * Restarting with stat
INFO _internal.py:113 127.0.0.1 - - [11/Dec/2022 10:40:25] "[37mPOST /user/login HTTP/1.1[0m" 200 -
INFO _internal.py:113  * Detected change in 'C:\\Users\\91528\\PycharmProjects\\flaskProject\\api_1_0\\users.py', reloading
INFO _internal.py:113  * Restarting with stat
INFO _internal.py:113 127.0.0.1 - - [11/Dec/2022 10:43:52] "[37mPOST /user/login HTTP/1.1[0m" 200 -
INFO _internal.py:113 127.0.0.1 - - [11/Dec/2022 10:44:41] "[37mPOST /user/login HTTP/1.1[0m" 200 -
INFO _internal.py:113 127.0.0.1 - - [11/Dec/2022 10:45:14] "[37mPOST /user/login HTTP/1.1[0m" 200 -
INFO _internal.py:113 127.0.0.1 - - [11/Dec/2022 10:45:16] "[33mGET /p/shopCart/prodCount HTTP/1.1[0m" 404 -
INFO _internal.py:113 127.0.0.1 - - [11/Dec/2022 10:45:16] "[33mGET /shop/notice/topNoticeList HTTP/1.1[0m" 404 -
INFO _internal.py:113 127.0.0.1 - - [11/Dec/2022 10:45:16] "[33mGET /indexImgs HTTP/1.1[0m" 404 -
INFO _internal.py:113 127.0.0.1 - - [11/Dec/2022 10:45:16] "[33mGET /prod/tag/prodTagList HTTP/1.1[0m" 404 -
INFO _internal.py:113 127.0.0.1 - - [11/Dec/2022 10:45:16] "[33mGET /p/shopCart/prodCount HTTP/1.1[0m" 404 -
INFO _internal.py:113 127.0.0.1 - - [11/Dec/2022 16:21:06] "[33mGET /category/categoryInfo?parentId= HTTP/1.1[0m" 404 -
INFO _internal.py:113 127.0.0.1 - - [11/Dec/2022 16:21:07] "[33mPOST /p/shopCart/info HTTP/1.1[0m" 404 -
INFO _internal.py:113 127.0.0.1 - - [11/Dec/2022 16:21:07] "[33mGET /p/shopCart/prodCount HTTP/1.1[0m" 404 -
INFO _internal.py:113 127.0.0.1 - - [11/Dec/2022 16:21:07] "[33mGET /p/myOrder/orderCount HTTP/1.1[0m" 404 -
INFO _internal.py:113 127.0.0.1 - - [11/Dec/2022 16:21:07] "[33mGET /p/user/collection/count HTTP/1.1[0m" 404 -
INFO _internal.py:113 127.0.0.1 - - [11/Dec/2022 16:21:14] "[33mGET /p/shopCart/prodCount HTTP/1.1[0m" 404 -
INFO _internal.py:113 127.0.0.1 - - [11/Dec/2022 16:21:18] "[33mGET /prod/lastedProdPage?current=1&size=10 HTTP/1.1[0m" 404 -
INFO _internal.py:113 127.0.0.1 - - [11/Dec/2022 16:21:20] "[33mGET /p/shopCart/prodCount HTTP/1.1[0m" 404 -
INFO _internal.py:113 127.0.0.1 - - [11/Dec/2022 16:21:21] "[33mGET /prod/lastedProdPage?current=1&size=10 HTTP/1.1[0m" 404 -
INFO _internal.py:113 127.0.0.1 - - [11/Dec/2022 16:21:29] "[33mGET /p/shopCart/prodCount HTTP/1.1[0m" 404 -
INFO _internal.py:113 127.0.0.1 - - [11/Dec/2022 16:21:31] "[33mGET /prod/moreBuyProdList?current=1&size=10 HTTP/1.1[0m" 404 -
INFO _internal.py:113 127.0.0.1 - - [11/Dec/2022 16:21:32] "[33mGET /p/shopCart/prodCount HTTP/1.1[0m" 404 -
INFO _internal.py:113 127.0.0.1 - - [11/Dec/2022 17:05:50] "[33mGET /indexImgs HTTP/1.1[0m" 404 -
INFO _internal.py:113 127.0.0.1 - - [11/Dec/2022 17:05:50] "[33mGET /shop/notice/topNoticeList HTTP/1.1[0m" 404 -
INFO _internal.py:113 127.0.0.1 - - [11/Dec/2022 17:05:50] "[33mGET /p/shopCart/prodCount HTTP/1.1[0m" 404 -
INFO _internal.py:113 127.0.0.1 - - [11/Dec/2022 17:05:50] "[33mGET /prod/tag/prodTagList HTTP/1.1[0m" 404 -
INFO _internal.py:113 127.0.0.1 - - [11/Dec/2022 17:05:51] "[33mGET /p/shopCart/prodCount HTTP/1.1[0m" 404 -
INFO _internal.py:113 127.0.0.1 - - [11/Dec/2022 17:12:17] "[33mGET /p/shopCart/prodCount HTTP/1.1[0m" 404 -
INFO _internal.py:113 127.0.0.1 - - [11/Dec/2022 17:12:17] "[33mGET /indexImgs HTTP/1.1[0m" 404 -
INFO _internal.py:113 127.0.0.1 - - [11/Dec/2022 17:12:17] "[33mGET /shop/notice/topNoticeList HTTP/1.1[0m" 404 -
INFO _internal.py:113 127.0.0.1 - - [11/Dec/2022 17:12:17] "[33mGET /prod/tag/prodTagList HTTP/1.1[0m" 404 -
INFO _internal.py:113 127.0.0.1 - - [11/Dec/2022 17:12:17] "[33mGET /p/shopCart/prodCount HTTP/1.1[0m" 404 -
INFO _internal.py:113 127.0.0.1 - - [11/Dec/2022 17:13:09] "[33mGET /p/shopCart/prodCount HTTP/1.1[0m" 404 -
INFO _internal.py:113 127.0.0.1 - - [11/Dec/2022 17:13:09] "[33mGET /indexImgs HTTP/1.1[0m" 404 -
INFO _internal.py:113 127.0.0.1 - - [11/Dec/2022 17:13:09] "[33mGET /shop/notice/topNoticeList HTTP/1.1[0m" 404 -
INFO _internal.py:113 127.0.0.1 - - [11/Dec/2022 17:13:09] "[33mGET /prod/tag/prodTagList HTTP/1.1[0m" 404 -
INFO _internal.py:113 127.0.0.1 - - [11/Dec/2022 17:13:09] "[33mGET /p/shopCart/prodCount HTTP/1.1[0m" 404 -
INFO _internal.py:113 127.0.0.1 - - [18/Dec/2022 09:16:38] "[33mGET / HTTP/1.1[0m" 404 -
INFO _internal.py:113 127.0.0.1 - - [18/Dec/2022 09:16:38] "[33mGET / HTTP/1.1[0m" 404 -
INFO _internal.py:113 127.0.0.1 - - [18/Dec/2022 09:16:39] "[33mGET /favicon.ico HTTP/1.1[0m" 404 -
INFO _internal.py:113 127.0.0.1 - - [18/Dec/2022 09:16:39] "[33mGET /favicon.ico HTTP/1.1[0m" 404 -
